Tue Sep  9 07:13:26 PM BST 2025
	STAR --runMode genomeGenerate --runThreadN 28 --genomeDir /scratch/vasccell/cs806/exprPhenoData/GRCh38_STARindex --genomeFastaFiles /scratch/vasccell/cs806/exprPhenoData/Homo_sapiens.GRCh38.dna_sm.primary_assembly.fa --sjdbGTFfile /scratch/vasccell/cs806/exprPhenoData/Homo_sapiens.GRCh38.100.gtf --sjdbOverhang 101
	STAR version: 2.7.10b   compiled: 2023-09-07T16:18:26+01:00 alice-login01:/tmp/root/spack-stage/spack-stage-star-2.7.10b-m3zkpicxc646uuyr27srekzcr7f2dnv4/spack-src/source
Sep 09 19:13:26 ..... started STAR run
Sep 09 19:13:26 ... starting to generate Genome files
Sep 09 19:14:06 ..... processing annotations GTF
Sep 09 19:14:29 ... starting to sort Suffix Array. This may take a long time...
Sep 09 19:14:43 ... sorting Suffix Array chunks and saving them to disk...
Sep 09 19:25:28 ... loading chunks from disk, packing SA...
Sep 09 19:26:30 ... finished generating suffix array
Sep 09 19:26:30 ... generating Suffix Array index
Sep 09 19:29:37 ... completed Suffix Array index
Sep 09 19:29:37 ..... inserting junctions into the genome indices
Sep 09 19:32:05 ... writing Genome to disk ...
Sep 09 19:32:08 ... writing Suffix Array to disk ...
Sep 09 19:32:27 ... writing SAindex to disk
Sep 09 19:32:29 ..... finished successfully
	STAR --runMode alignReads --runThreadN 28 --genomeDir /scratch/vasccell/cs806/exprPhenoData/GRCh38_STARindex --readFilesIn /scratch/vasccell/cs806/huvecRNASEQ/rawReads/UVE_RNA12676968_1.fastq.gz /scratch/vasccell/cs806/huvecRNASEQ/rawReads/UVE_RNA12676968_2.fastq.gz --readFilesCommand zcat --sjdbOverhang 149 --outFileNamePrefix /scratch/vasccell/cs806/huvecRNASEQ/mappedReads/UVE_RNA12676968 --twopassMode Basic --quantMode TranscriptomeSAM GeneCounts --outSAMunmapped Within --outSAMstrandField intronMotif --outFilterIntronMotifs RemoveNoncanonical --outSAMtype None --outFilterType BySJout --limitSjdbInsertNsj 2000000
	STAR version: 2.7.10b   compiled: 2023-09-07T16:18:26+01:00 alice-login01:/tmp/root/spack-stage/spack-stage-star-2.7.10b-m3zkpicxc646uuyr27srekzcr7f2dnv4/spack-src/source
Sep 09 19:32:30 ..... started STAR run
Sep 09 19:32:30 ..... loading genome
	STAR --runMode alignReads --runThreadN 28 --genomeDir /scratch/vasccell/cs806/exprPhenoData/GRCh38_STARindex --readFilesIn /scratch/vasccell/cs806/huvecRNASEQ/rawReads/UVE_RNA12677056_1.fastq.gz /scratch/vasccell/cs806/huvecRNASEQ/rawReads/UVE_RNA12677056_2.fastq.gz --readFilesCommand zcat --sjdbOverhang 149 --outFileNamePrefix /scratch/vasccell/cs806/huvecRNASEQ/mappedReads/UVE_RNA12677056 --twopassMode Basic --quantMode TranscriptomeSAM GeneCounts --outSAMunmapped Within --outSAMstrandField intronMotif --outFilterIntronMotifs RemoveNoncanonical --outSAMtype None --outFilterType BySJout --limitSjdbInsertNsj 2000000
	STAR version: 2.7.10b   compiled: 2023-09-07T16:18:26+01:00 alice-login01:/tmp/root/spack-stage/spack-stage-star-2.7.10b-m3zkpicxc646uuyr27srekzcr7f2dnv4/spack-src/source
Sep 09 19:32:30 ..... started STAR run
Sep 09 19:32:30 ..... loading genome
	STAR --runMode alignReads --runThreadN 28 --genomeDir /scratch/vasccell/cs806/exprPhenoData/GRCh38_STARindex --readFilesIn /scratch/vasccell/cs806/huvecRNASEQ/rawReads/UVE_RNA12676998_1.fastq.gz /scratch/vasccell/cs806/huvecRNASEQ/rawReads/UVE_RNA12676998_2.fastq.gz --readFilesCommand zcat --sjdbOverhang 149 --outFileNamePrefix /scratch/vasccell/cs806/huvecRNASEQ/mappedReads/UVE_RNA12676998 --twopassMode Basic --quantMode TranscriptomeSAM GeneCounts --outSAMunmapped Within --outSAMstrandField intronMotif --outFilterIntronMotifs RemoveNoncanonical --outSAMtype None --outFilterType BySJout --limitSjdbInsertNsj 2000000
	STAR version: 2.7.10b   compiled: 2023-09-07T16:18:26+01:00 alice-login01:/tmp/root/spack-stage/spack-stage-star-2.7.10b-m3zkpicxc646uuyr27srekzcr7f2dnv4/spack-src/source
Sep 09 19:32:30 ..... started STAR run
Sep 09 19:32:30 ..... loading genome
	STAR --runMode alignReads --runThreadN 28 --genomeDir /scratch/vasccell/cs806/exprPhenoData/GRCh38_STARindex --readFilesIn /scratch/vasccell/cs806/huvecRNASEQ/rawReads/UVE_RNA12677071_1.fastq.gz /scratch/vasccell/cs806/huvecRNASEQ/rawReads/UVE_RNA12677071_2.fastq.gz --readFilesCommand zcat --sjdbOverhang 149 --outFileNamePrefix /scratch/vasccell/cs806/huvecRNASEQ/mappedReads/UVE_RNA12677071 --twopassMode Basic --quantMode TranscriptomeSAM GeneCounts --outSAMunmapped Within --outSAMstrandField intronMotif --outFilterIntronMotifs RemoveNoncanonical --outSAMtype None --outFilterType BySJout --limitSjdbInsertNsj 2000000
	STAR version: 2.7.10b   compiled: 2023-09-07T16:18:26+01:00 alice-login01:/tmp/root/spack-stage/spack-stage-star-2.7.10b-m3zkpicxc646uuyr27srekzcr7f2dnv4/spack-src/source
Sep 09 19:32:30 ..... started STAR run
Sep 09 19:32:31 ..... loading genome
	STAR --runMode alignReads --runThreadN 28 --genomeDir /scratch/vasccell/cs806/exprPhenoData/GRCh38_STARindex --readFilesIn /scratch/vasccell/cs806/huvecRNASEQ/rawReads/UVE_RNA12677002_1.fastq.gz /scratch/vasccell/cs806/huvecRNASEQ/rawReads/UVE_RNA12677002_2.fastq.gz --readFilesCommand zcat --sjdbOverhang 149 --outFileNamePrefix /scratch/vasccell/cs806/huvecRNASEQ/mappedReads/UVE_RNA12677002 --twopassMode Basic --quantMode TranscriptomeSAM GeneCounts --outSAMunmapped Within --outSAMstrandField intronMotif --outFilterIntronMotifs RemoveNoncanonical --outSAMtype None --outFilterType BySJout --limitSjdbInsertNsj 2000000
	STAR version: 2.7.10b   compiled: 2023-09-07T16:18:26+01:00 alice-login01:/tmp/root/spack-stage/spack-stage-star-2.7.10b-m3zkpicxc646uuyr27srekzcr7f2dnv4/spack-src/source
Sep 09 19:32:31 ..... started STAR run
Sep 09 19:32:31 ..... loading genome
	STAR --runMode alignReads --runThreadN 28 --genomeDir /scratch/vasccell/cs806/exprPhenoData/GRCh38_STARindex --readFilesIn /scratch/vasccell/cs806/huvecRNASEQ/rawReads/UVE_RNA12677081_1.fastq.gz /scratch/vasccell/cs806/huvecRNASEQ/rawReads/UVE_RNA12677081_2.fastq.gz --readFilesCommand zcat --sjdbOverhang 149 --outFileNamePrefix /scratch/vasccell/cs806/huvecRNASEQ/mappedReads/UVE_RNA12677081 --twopassMode Basic --quantMode TranscriptomeSAM GeneCounts --outSAMunmapped Within --outSAMstrandField intronMotif --outFilterIntronMotifs RemoveNoncanonical --outSAMtype None --outFilterType BySJout --limitSjdbInsertNsj 2000000
	STAR version: 2.7.10b   compiled: 2023-09-07T16:18:26+01:00 alice-login01:/tmp/root/spack-stage/spack-stage-star-2.7.10b-m3zkpicxc646uuyr27srekzcr7f2dnv4/spack-src/source
Sep 09 19:32:31 ..... started STAR run
Sep 09 19:32:31 ..... loading genome
	STAR --runMode alignReads --runThreadN 28 --genomeDir /scratch/vasccell/cs806/exprPhenoData/GRCh38_STARindex --readFilesIn /scratch/vasccell/cs806/huvecRNASEQ/rawReads/UVE_RNA12676959_1.fastq.gz /scratch/vasccell/cs806/huvecRNASEQ/rawReads/UVE_RNA12676959_2.fastq.gz --readFilesCommand zcat --sjdbOverhang 149 --outFileNamePrefix /scratch/vasccell/cs806/huvecRNASEQ/mappedReads/UVE_RNA12676959 --twopassMode Basic --quantMode TranscriptomeSAM GeneCounts --outSAMunmapped Within --outSAMstrandField intronMotif --outFilterIntronMotifs RemoveNoncanonical --outSAMtype None --outFilterType BySJout --limitSjdbInsertNsj 2000000
	STAR version: 2.7.10b   compiled: 2023-09-07T16:18:26+01:00 alice-login01:/tmp/root/spack-stage/spack-stage-star-2.7.10b-m3zkpicxc646uuyr27srekzcr7f2dnv4/spack-src/source
Sep 09 19:32:31 ..... started STAR run
Sep 09 19:32:32 ..... loading genome
	STAR --runMode alignReads --runThreadN 28 --genomeDir /scratch/vasccell/cs806/exprPhenoData/GRCh38_STARindex --readFilesIn /scratch/vasccell/cs806/huvecRNASEQ/rawReads/UVE_RNA12677067_1.fastq.gz /scratch/vasccell/cs806/huvecRNASEQ/rawReads/UVE_RNA12677067_2.fastq.gz --readFilesCommand zcat --sjdbOverhang 149 --outFileNamePrefix /scratch/vasccell/cs806/huvecRNASEQ/mappedReads/UVE_RNA12677067 --twopassMode Basic --quantMode TranscriptomeSAM GeneCounts --outSAMunmapped Within --outSAMstrandField intronMotif --outFilterIntronMotifs RemoveNoncanonical --outSAMtype None --outFilterType BySJout --limitSjdbInsertNsj 2000000
	STAR version: 2.7.10b   compiled: 2023-09-07T16:18:26+01:00 alice-login01:/tmp/root/spack-stage/spack-stage-star-2.7.10b-m3zkpicxc646uuyr27srekzcr7f2dnv4/spack-src/source
Sep 09 19:32:32 ..... started STAR run
Sep 09 19:32:32 ..... loading genome
	STAR --runMode alignReads --runThreadN 28 --genomeDir /scratch/vasccell/cs806/exprPhenoData/GRCh38_STARindex --readFilesIn /scratch/vasccell/cs806/huvecRNASEQ/rawReads/UVE_RNA12677097_1.fastq.gz /scratch/vasccell/cs806/huvecRNASEQ/rawReads/UVE_RNA12677097_2.fastq.gz --readFilesCommand zcat --sjdbOverhang 149 --outFileNamePrefix /scratch/vasccell/cs806/huvecRNASEQ/mappedReads/UVE_RNA12677097 --twopassMode Basic --quantMode TranscriptomeSAM GeneCounts --outSAMunmapped Within --outSAMstrandField intronMotif --outFilterIntronMotifs RemoveNoncanonical --outSAMtype None --outFilterType BySJout --limitSjdbInsertNsj 2000000
	STAR version: 2.7.10b   compiled: 2023-09-07T16:18:26+01:00 alice-login01:/tmp/root/spack-stage/spack-stage-star-2.7.10b-m3zkpicxc646uuyr27srekzcr7f2dnv4/spack-src/source
Sep 09 19:32:32 ..... started STAR run
Sep 09 19:32:32 ..... loading genome
	STAR --runMode alignReads --runThreadN 28 --genomeDir /scratch/vasccell/cs806/exprPhenoData/GRCh38_STARindex --readFilesIn /scratch/vasccell/cs806/huvecRNASEQ/rawReads/UVE_RNA12676963_1.fastq.gz /scratch/vasccell/cs806/huvecRNASEQ/rawReads/UVE_RNA12676963_2.fastq.gz --readFilesCommand zcat --sjdbOverhang 149 --outFileNamePrefix /scratch/vasccell/cs806/huvecRNASEQ/mappedReads/UVE_RNA12676963 --twopassMode Basic --quantMode TranscriptomeSAM GeneCounts --outSAMunmapped Within --outSAMstrandField intronMotif --outFilterIntronMotifs RemoveNoncanonical --outSAMtype None --outFilterType BySJout --limitSjdbInsertNsj 2000000
	STAR version: 2.7.10b   compiled: 2023-09-07T16:18:26+01:00 alice-login01:/tmp/root/spack-stage/spack-stage-star-2.7.10b-m3zkpicxc646uuyr27srekzcr7f2dnv4/spack-src/source
Sep 09 19:32:32 ..... started STAR run
Sep 09 19:32:32 ..... loading genome
	STAR --runMode alignReads --runThreadN 28 --genomeDir /scratch/vasccell/cs806/exprPhenoData/GRCh38_STARindex --readFilesIn /scratch/vasccell/cs806/huvecRNASEQ/rawReads/UVE_RNA12676993_1.fastq.gz /scratch/vasccell/cs806/huvecRNASEQ/rawReads/UVE_RNA12676993_2.fastq.gz --readFilesCommand zcat --sjdbOverhang 149 --outFileNamePrefix /scratch/vasccell/cs806/huvecRNASEQ/mappedReads/UVE_RNA12676993 --twopassMode Basic --quantMode TranscriptomeSAM GeneCounts --outSAMunmapped Within --outSAMstrandField intronMotif --outFilterIntronMotifs RemoveNoncanonical --outSAMtype None --outFilterType BySJout --limitSjdbInsertNsj 2000000
	STAR version: 2.7.10b   compiled: 2023-09-07T16:18:26+01:00 alice-login01:/tmp/root/spack-stage/spack-stage-star-2.7.10b-m3zkpicxc646uuyr27srekzcr7f2dnv4/spack-src/source
Sep 09 19:32:32 ..... started STAR run
Sep 09 19:32:32 ..... loading genome
	STAR --runMode alignReads --runThreadN 28 --genomeDir /scratch/vasccell/cs806/exprPhenoData/GRCh38_STARindex --readFilesIn /scratch/vasccell/cs806/huvecRNASEQ/rawReads/UVE_RNA12676975_1.fastq.gz /scratch/vasccell/cs806/huvecRNASEQ/rawReads/UVE_RNA12676975_2.fastq.gz --readFilesCommand zcat --sjdbOverhang 149 --outFileNamePrefix /scratch/vasccell/cs806/huvecRNASEQ/mappedReads/UVE_RNA12676975 --twopassMode Basic --quantMode TranscriptomeSAM GeneCounts --outSAMunmapped Within --outSAMstrandField intronMotif --outFilterIntronMotifs RemoveNoncanonical --outSAMtype None --outFilterType BySJout --limitSjdbInsertNsj 2000000
	STAR version: 2.7.10b   compiled: 2023-09-07T16:18:26+01:00 alice-login01:/tmp/root/spack-stage/spack-stage-star-2.7.10b-m3zkpicxc646uuyr27srekzcr7f2dnv4/spack-src/source
Sep 09 19:32:32 ..... started STAR run
Sep 09 19:32:33 ..... loading genome
	STAR --runMode alignReads --runThreadN 28 --genomeDir /scratch/vasccell/cs806/exprPhenoData/GRCh38_STARindex --readFilesIn /scratch/vasccell/cs806/huvecRNASEQ/rawReads/UVE_RNA12676985_1.fastq.gz /scratch/vasccell/cs806/huvecRNASEQ/rawReads/UVE_RNA12676985_2.fastq.gz --readFilesCommand zcat --sjdbOverhang 149 --outFileNamePrefix /scratch/vasccell/cs806/huvecRNASEQ/mappedReads/UVE_RNA12676985 --twopassMode Basic --quantMode TranscriptomeSAM GeneCounts --outSAMunmapped Within --outSAMstrandField intronMotif --outFilterIntronMotifs RemoveNoncanonical --outSAMtype None --outFilterType BySJout --limitSjdbInsertNsj 2000000
	STAR version: 2.7.10b   compiled: 2023-09-07T16:18:26+01:00 alice-login01:/tmp/root/spack-stage/spack-stage-star-2.7.10b-m3zkpicxc646uuyr27srekzcr7f2dnv4/spack-src/source
Sep 09 19:32:33 ..... started STAR run
Sep 09 19:32:33 ..... loading genome
	STAR --runMode alignReads --runThreadN 28 --genomeDir /scratch/vasccell/cs806/exprPhenoData/GRCh38_STARindex --readFilesIn /scratch/vasccell/cs806/huvecRNASEQ/rawReads/UVE_RNA12677102_1.fastq.gz /scratch/vasccell/cs806/huvecRNASEQ/rawReads/UVE_RNA12677102_2.fastq.gz --readFilesCommand zcat --sjdbOverhang 149 --outFileNamePrefix /scratch/vasccell/cs806/huvecRNASEQ/mappedReads/UVE_RNA12677102 --twopassMode Basic --quantMode TranscriptomeSAM GeneCounts --outSAMunmapped Within --outSAMstrandField intronMotif --outFilterIntronMotifs RemoveNoncanonical --outSAMtype None --outFilterType BySJout --limitSjdbInsertNsj 2000000
	STAR version: 2.7.10b   compiled: 2023-09-07T16:18:26+01:00 alice-login01:/tmp/root/spack-stage/spack-stage-star-2.7.10b-m3zkpicxc646uuyr27srekzcr7f2dnv4/spack-src/source
Sep 09 19:32:33 ..... started STAR run
Sep 09 19:32:33 ..... loading genome
	STAR --runMode alignReads --runThreadN 28 --genomeDir /scratch/vasccell/cs806/exprPhenoData/GRCh38_STARindex --readFilesIn /scratch/vasccell/cs806/huvecRNASEQ/rawReads/UVE_RNA12677090_1.fastq.gz /scratch/vasccell/cs806/huvecRNASEQ/rawReads/UVE_RNA12677090_2.fastq.gz --readFilesCommand zcat --sjdbOverhang 149 --outFileNamePrefix /scratch/vasccell/cs806/huvecRNASEQ/mappedReads/UVE_RNA12677090 --twopassMode Basic --quantMode TranscriptomeSAM GeneCounts --outSAMunmapped Within --outSAMstrandField intronMotif --outFilterIntronMotifs RemoveNoncanonical --outSAMtype None --outFilterType BySJout --limitSjdbInsertNsj 2000000
	STAR version: 2.7.10b   compiled: 2023-09-07T16:18:26+01:00 alice-login01:/tmp/root/spack-stage/spack-stage-star-2.7.10b-m3zkpicxc646uuyr27srekzcr7f2dnv4/spack-src/source
Sep 09 19:32:33 ..... started STAR run
Sep 09 19:32:33 ..... loading genome
	STAR --runMode alignReads --runThreadN 28 --genomeDir /scratch/vasccell/cs806/exprPhenoData/GRCh38_STARindex --readFilesIn /scratch/vasccell/cs806/huvecRNASEQ/rawReads/UVE_RNA12677060_1.fastq.gz /scratch/vasccell/cs806/huvecRNASEQ/rawReads/UVE_RNA12677060_2.fastq.gz --readFilesCommand zcat --sjdbOverhang 149 --outFileNamePrefix /scratch/vasccell/cs806/huvecRNASEQ/mappedReads/UVE_RNA12677060 --twopassMode Basic --quantMode TranscriptomeSAM GeneCounts --outSAMunmapped Within --outSAMstrandField intronMotif --outFilterIntronMotifs RemoveNoncanonical --outSAMtype None --outFilterType BySJout --limitSjdbInsertNsj 2000000
	STAR version: 2.7.10b   compiled: 2023-09-07T16:18:26+01:00 alice-login01:/tmp/root/spack-stage/spack-stage-star-2.7.10b-m3zkpicxc646uuyr27srekzcr7f2dnv4/spack-src/source
Sep 09 19:32:33 ..... started STAR run
Sep 09 19:32:34 ..... loading genome
	STAR --runMode alignReads --runThreadN 28 --genomeDir /scratch/vasccell/cs806/exprPhenoData/GRCh38_STARindex --readFilesIn /scratch/vasccell/cs806/huvecRNASEQ/rawReads/UVE_RNA12677086_1.fastq.gz /scratch/vasccell/cs806/huvecRNASEQ/rawReads/UVE_RNA12677086_2.fastq.gz --readFilesCommand zcat --sjdbOverhang 149 --outFileNamePrefix /scratch/vasccell/cs806/huvecRNASEQ/mappedReads/UVE_RNA12677086 --twopassMode Basic --quantMode TranscriptomeSAM GeneCounts --outSAMunmapped Within --outSAMstrandField intronMotif --outFilterIntronMotifs RemoveNoncanonical --outSAMtype None --outFilterType BySJout --limitSjdbInsertNsj 2000000
	STAR version: 2.7.10b   compiled: 2023-09-07T16:18:26+01:00 alice-login01:/tmp/root/spack-stage/spack-stage-star-2.7.10b-m3zkpicxc646uuyr27srekzcr7f2dnv4/spack-src/source
Sep 09 19:32:34 ..... started STAR run
Sep 09 19:32:34 ..... loading genome
	STAR --runMode alignReads --runThreadN 28 --genomeDir /scratch/vasccell/cs806/exprPhenoData/GRCh38_STARindex --readFilesIn /scratch/vasccell/cs806/huvecRNASEQ/rawReads/UVE_RNA12677005_1.fastq.gz /scratch/vasccell/cs806/huvecRNASEQ/rawReads/UVE_RNA12677005_2.fastq.gz --readFilesCommand zcat --sjdbOverhang 149 --outFileNamePrefix /scratch/vasccell/cs806/huvecRNASEQ/mappedReads/UVE_RNA12677005 --twopassMode Basic --quantMode TranscriptomeSAM GeneCounts --outSAMunmapped Within --outSAMstrandField intronMotif --outFilterIntronMotifs RemoveNoncanonical --outSAMtype None --outFilterType BySJout --limitSjdbInsertNsj 2000000
	STAR version: 2.7.10b   compiled: 2023-09-07T16:18:26+01:00 alice-login01:/tmp/root/spack-stage/spack-stage-star-2.7.10b-m3zkpicxc646uuyr27srekzcr7f2dnv4/spack-src/source
Sep 09 19:32:34 ..... started STAR run
Sep 09 19:32:34 ..... loading genome
	STAR --runMode alignReads --runThreadN 28 --genomeDir /scratch/vasccell/cs806/exprPhenoData/GRCh38_STARindex --readFilesIn /scratch/vasccell/cs806/huvecRNASEQ/rawReads/UVE_RNA12677076_1.fastq.gz /scratch/vasccell/cs806/huvecRNASEQ/rawReads/UVE_RNA12677076_2.fastq.gz --readFilesCommand zcat --sjdbOverhang 149 --outFileNamePrefix /scratch/vasccell/cs806/huvecRNASEQ/mappedReads/UVE_RNA12677076 --twopassMode Basic --quantMode TranscriptomeSAM GeneCounts --outSAMunmapped Within --outSAMstrandField intronMotif --outFilterIntronMotifs RemoveNoncanonical --outSAMtype None --outFilterType BySJout --limitSjdbInsertNsj 2000000
	STAR version: 2.7.10b   compiled: 2023-09-07T16:18:26+01:00 alice-login01:/tmp/root/spack-stage/spack-stage-star-2.7.10b-m3zkpicxc646uuyr27srekzcr7f2dnv4/spack-src/source
Sep 09 19:32:34 ..... started STAR run
Sep 09 19:32:34 ..... loading genome
	STAR --runMode alignReads --runThreadN 28 --genomeDir /scratch/vasccell/cs806/exprPhenoData/GRCh38_STARindex --readFilesIn /scratch/vasccell/cs806/huvecRNASEQ/rawReads/UVE_RNA12676982_1.fastq.gz /scratch/vasccell/cs806/huvecRNASEQ/rawReads/UVE_RNA12676982_2.fastq.gz --readFilesCommand zcat --sjdbOverhang 149 --outFileNamePrefix /scratch/vasccell/cs806/huvecRNASEQ/mappedReads/UVE_RNA12676982 --twopassMode Basic --quantMode TranscriptomeSAM GeneCounts --outSAMunmapped Within --outSAMstrandField intronMotif --outFilterIntronMotifs RemoveNoncanonical --outSAMtype None --outFilterType BySJout --limitSjdbInsertNsj 2000000
	STAR version: 2.7.10b   compiled: 2023-09-07T16:18:26+01:00 alice-login01:/tmp/root/spack-stage/spack-stage-star-2.7.10b-m3zkpicxc646uuyr27srekzcr7f2dnv4/spack-src/source
Sep 09 19:32:35 ..... started STAR run
Sep 09 19:32:35 ..... loading genome
	STAR --runMode alignReads --runThreadN 28 --genomeDir /scratch/vasccell/cs806/exprPhenoData/GRCh38_STARindex --readFilesIn /scratch/vasccell/cs806/huvecRNASEQ/rawReads/UVE_RNA12676972_1.fastq.gz /scratch/vasccell/cs806/huvecRNASEQ/rawReads/UVE_RNA12676972_2.fastq.gz --readFilesCommand zcat --sjdbOverhang 149 --outFileNamePrefix /scratch/vasccell/cs806/huvecRNASEQ/mappedReads/UVE_RNA12676972 --twopassMode Basic --quantMode TranscriptomeSAM GeneCounts --outSAMunmapped Within --outSAMstrandField intronMotif --outFilterIntronMotifs RemoveNoncanonical --outSAMtype None --outFilterType BySJout --limitSjdbInsertNsj 2000000
	STAR version: 2.7.10b   compiled: 2023-09-07T16:18:26+01:00 alice-login01:/tmp/root/spack-stage/spack-stage-star-2.7.10b-m3zkpicxc646uuyr27srekzcr7f2dnv4/spack-src/source
Sep 09 19:32:35 ..... started STAR run
Sep 09 19:32:35 ..... loading genome
	STAR --runMode alignReads --runThreadN 28 --genomeDir /scratch/vasccell/cs806/exprPhenoData/GRCh38_STARindex --readFilesIn /scratch/vasccell/cs806/huvecRNASEQ/rawReads/UVE_RNA12676994_1.fastq.gz /scratch/vasccell/cs806/huvecRNASEQ/rawReads/UVE_RNA12676994_2.fastq.gz --readFilesCommand zcat --sjdbOverhang 149 --outFileNamePrefix /scratch/vasccell/cs806/huvecRNASEQ/mappedReads/UVE_RNA12676994 --twopassMode Basic --quantMode TranscriptomeSAM GeneCounts --outSAMunmapped Within --outSAMstrandField intronMotif --outFilterIntronMotifs RemoveNoncanonical --outSAMtype None --outFilterType BySJout --limitSjdbInsertNsj 2000000
	STAR version: 2.7.10b   compiled: 2023-09-07T16:18:26+01:00 alice-login01:/tmp/root/spack-stage/spack-stage-star-2.7.10b-m3zkpicxc646uuyr27srekzcr7f2dnv4/spack-src/source
Sep 09 19:32:35 ..... started STAR run
Sep 09 19:32:36 ..... loading genome
	STAR --runMode alignReads --runThreadN 28 --genomeDir /scratch/vasccell/cs806/exprPhenoData/GRCh38_STARindex --readFilesIn /scratch/vasccell/cs806/huvecRNASEQ/rawReads/UVE_RNA12676964_1.fastq.gz /scratch/vasccell/cs806/huvecRNASEQ/rawReads/UVE_RNA12676964_2.fastq.gz --readFilesCommand zcat --sjdbOverhang 149 --outFileNamePrefix /scratch/vasccell/cs806/huvecRNASEQ/mappedReads/UVE_RNA12676964 --twopassMode Basic --quantMode TranscriptomeSAM GeneCounts --outSAMunmapped Within --outSAMstrandField intronMotif --outFilterIntronMotifs RemoveNoncanonical --outSAMtype None --outFilterType BySJout --limitSjdbInsertNsj 2000000
	STAR version: 2.7.10b   compiled: 2023-09-07T16:18:26+01:00 alice-login01:/tmp/root/spack-stage/spack-stage-star-2.7.10b-m3zkpicxc646uuyr27srekzcr7f2dnv4/spack-src/source
Sep 09 19:32:36 ..... started STAR run
Sep 09 19:32:36 ..... loading genome
	STAR --runMode alignReads --runThreadN 28 --genomeDir /scratch/vasccell/cs806/exprPhenoData/GRCh38_STARindex --readFilesIn /scratch/vasccell/cs806/huvecRNASEQ/rawReads/UVE_RNA12676989_1.fastq.gz /scratch/vasccell/cs806/huvecRNASEQ/rawReads/UVE_RNA12676989_2.fastq.gz --readFilesCommand zcat --sjdbOverhang 149 --outFileNamePrefix /scratch/vasccell/cs806/huvecRNASEQ/mappedReads/UVE_RNA12676989 --twopassMode Basic --quantMode TranscriptomeSAM GeneCounts --outSAMunmapped Within --outSAMstrandField intronMotif --outFilterIntronMotifs RemoveNoncanonical --outSAMtype None --outFilterType BySJout --limitSjdbInsertNsj 2000000
	STAR version: 2.7.10b   compiled: 2023-09-07T16:18:26+01:00 alice-login01:/tmp/root/spack-stage/spack-stage-star-2.7.10b-m3zkpicxc646uuyr27srekzcr7f2dnv4/spack-src/source
Sep 09 19:32:36 ..... started STAR run
Sep 09 19:32:36 ..... loading genome
	STAR --runMode alignReads --runThreadN 28 --genomeDir /scratch/vasccell/cs806/exprPhenoData/GRCh38_STARindex --readFilesIn /scratch/vasccell/cs806/huvecRNASEQ/rawReads/UVE_RNA12676979_1.fastq.gz /scratch/vasccell/cs806/huvecRNASEQ/rawReads/UVE_RNA12676979_2.fastq.gz --readFilesCommand zcat --sjdbOverhang 149 --outFileNamePrefix /scratch/vasccell/cs806/huvecRNASEQ/mappedReads/UVE_RNA12676979 --twopassMode Basic --quantMode TranscriptomeSAM GeneCounts --outSAMunmapped Within --outSAMstrandField intronMotif --outFilterIntronMotifs RemoveNoncanonical --outSAMtype None --outFilterType BySJout --limitSjdbInsertNsj 2000000
	STAR version: 2.7.10b   compiled: 2023-09-07T16:18:26+01:00 alice-login01:/tmp/root/spack-stage/spack-stage-star-2.7.10b-m3zkpicxc646uuyr27srekzcr7f2dnv4/spack-src/source
Sep 09 19:32:36 ..... started STAR run
Sep 09 19:32:37 ..... loading genome
	STAR --runMode alignReads --runThreadN 28 --genomeDir /scratch/vasccell/cs806/exprPhenoData/GRCh38_STARindex --readFilesIn /scratch/vasccell/cs806/huvecRNASEQ/rawReads/UVE_RNA12677078_1.fastq.gz /scratch/vasccell/cs806/huvecRNASEQ/rawReads/UVE_RNA12677078_2.fastq.gz --readFilesCommand zcat --sjdbOverhang 149 --outFileNamePrefix /scratch/vasccell/cs806/huvecRNASEQ/mappedReads/UVE_RNA12677078 --twopassMode Basic --quantMode TranscriptomeSAM GeneCounts --outSAMunmapped Within --outSAMstrandField intronMotif --outFilterIntronMotifs RemoveNoncanonical --outSAMtype None --outFilterType BySJout --limitSjdbInsertNsj 2000000
	STAR version: 2.7.10b   compiled: 2023-09-07T16:18:26+01:00 alice-login01:/tmp/root/spack-stage/spack-stage-star-2.7.10b-m3zkpicxc646uuyr27srekzcr7f2dnv4/spack-src/source
Sep 09 19:32:37 ..... started STAR run
Sep 09 19:32:37 ..... loading genome
	STAR --runMode alignReads --runThreadN 28 --genomeDir /scratch/vasccell/cs806/exprPhenoData/GRCh38_STARindex --readFilesIn /scratch/vasccell/cs806/huvecRNASEQ/rawReads/UVE_RNA12677088_1.fastq.gz /scratch/vasccell/cs806/huvecRNASEQ/rawReads/UVE_RNA12677088_2.fastq.gz --readFilesCommand zcat --sjdbOverhang 149 --outFileNamePrefix /scratch/vasccell/cs806/huvecRNASEQ/mappedReads/UVE_RNA12677088 --twopassMode Basic --quantMode TranscriptomeSAM GeneCounts --outSAMunmapped Within --outSAMstrandField intronMotif --outFilterIntronMotifs RemoveNoncanonical --outSAMtype None --outFilterType BySJout --limitSjdbInsertNsj 2000000
	STAR version: 2.7.10b   compiled: 2023-09-07T16:18:26+01:00 alice-login01:/tmp/root/spack-stage/spack-stage-star-2.7.10b-m3zkpicxc646uuyr27srekzcr7f2dnv4/spack-src/source
Sep 09 19:32:37 ..... started STAR run
Sep 09 19:32:37 ..... loading genome
	STAR --runMode alignReads --runThreadN 28 --genomeDir /scratch/vasccell/cs806/exprPhenoData/GRCh38_STARindex --readFilesIn /scratch/vasccell/cs806/huvecRNASEQ/rawReads/UVE_RNA12677100_1.fastq.gz /scratch/vasccell/cs806/huvecRNASEQ/rawReads/UVE_RNA12677100_2.fastq.gz --readFilesCommand zcat --sjdbOverhang 149 --outFileNamePrefix /scratch/vasccell/cs806/huvecRNASEQ/mappedReads/UVE_RNA12677100 --twopassMode Basic --quantMode TranscriptomeSAM GeneCounts --outSAMunmapped Within --outSAMstrandField intronMotif --outFilterIntronMotifs RemoveNoncanonical --outSAMtype None --outFilterType BySJout --limitSjdbInsertNsj 2000000
	STAR version: 2.7.10b   compiled: 2023-09-07T16:18:26+01:00 alice-login01:/tmp/root/spack-stage/spack-stage-star-2.7.10b-m3zkpicxc646uuyr27srekzcr7f2dnv4/spack-src/source
Sep 09 19:32:37 ..... started STAR run
Sep 09 19:32:38 ..... loading genome
	STAR --runMode alignReads --runThreadN 28 --genomeDir /scratch/vasccell/cs806/exprPhenoData/GRCh38_STARindex --readFilesIn /scratch/vasccell/cs806/huvecRNASEQ/rawReads/UVE_RNA12677065_1.fastq.gz /scratch/vasccell/cs806/huvecRNASEQ/rawReads/UVE_RNA12677065_2.fastq.gz --readFilesCommand zcat --sjdbOverhang 149 --outFileNamePrefix /scratch/vasccell/cs806/huvecRNASEQ/mappedReads/UVE_RNA12677065 --twopassMode Basic --quantMode TranscriptomeSAM GeneCounts --outSAMunmapped Within --outSAMstrandField intronMotif --outFilterIntronMotifs RemoveNoncanonical --outSAMtype None --outFilterType BySJout --limitSjdbInsertNsj 2000000
	STAR version: 2.7.10b   compiled: 2023-09-07T16:18:26+01:00 alice-login01:/tmp/root/spack-stage/spack-stage-star-2.7.10b-m3zkpicxc646uuyr27srekzcr7f2dnv4/spack-src/source
Sep 09 19:32:38 ..... started STAR run
Sep 09 19:32:38 ..... loading genome
	STAR --runMode alignReads --runThreadN 28 --genomeDir /scratch/vasccell/cs806/exprPhenoData/GRCh38_STARindex --readFilesIn /scratch/vasccell/cs806/huvecRNASEQ/rawReads/UVE_RNA12677095_1.fastq.gz /scratch/vasccell/cs806/huvecRNASEQ/rawReads/UVE_RNA12677095_2.fastq.gz --readFilesCommand zcat --sjdbOverhang 149 --outFileNamePrefix /scratch/vasccell/cs806/huvecRNASEQ/mappedReads/UVE_RNA12677095 --twopassMode Basic --quantMode TranscriptomeSAM GeneCounts --outSAMunmapped Within --outSAMstrandField intronMotif --outFilterIntronMotifs RemoveNoncanonical --outSAMtype None --outFilterType BySJout --limitSjdbInsertNsj 2000000
	STAR version: 2.7.10b   compiled: 2023-09-07T16:18:26+01:00 alice-login01:/tmp/root/spack-stage/spack-stage-star-2.7.10b-m3zkpicxc646uuyr27srekzcr7f2dnv4/spack-src/source
Sep 09 19:32:38 ..... started STAR run
Sep 09 19:32:38 ..... loading genome
	STAR --runMode alignReads --runThreadN 28 --genomeDir /scratch/vasccell/cs806/exprPhenoData/GRCh38_STARindex --readFilesIn /scratch/vasccell/cs806/huvecRNASEQ/rawReads/UVE_RNA12677073_1.fastq.gz /scratch/vasccell/cs806/huvecRNASEQ/rawReads/UVE_RNA12677073_2.fastq.gz --readFilesCommand zcat --sjdbOverhang 149 --outFileNamePrefix /scratch/vasccell/cs806/huvecRNASEQ/mappedReads/UVE_RNA12677073 --twopassMode Basic --quantMode TranscriptomeSAM GeneCounts --outSAMunmapped Within --outSAMstrandField intronMotif --outFilterIntronMotifs RemoveNoncanonical --outSAMtype None --outFilterType BySJout --limitSjdbInsertNsj 2000000
	STAR version: 2.7.10b   compiled: 2023-09-07T16:18:26+01:00 alice-login01:/tmp/root/spack-stage/spack-stage-star-2.7.10b-m3zkpicxc646uuyr27srekzcr7f2dnv4/spack-src/source
Sep 09 19:32:38 ..... started STAR run
Sep 09 19:32:39 ..... loading genome
	STAR --runMode alignReads --runThreadN 28 --genomeDir /scratch/vasccell/cs806/exprPhenoData/GRCh38_STARindex --readFilesIn /scratch/vasccell/cs806/huvecRNASEQ/rawReads/UVE_RNA12677083_1.fastq.gz /scratch/vasccell/cs806/huvecRNASEQ/rawReads/UVE_RNA12677083_2.fastq.gz --readFilesCommand zcat --sjdbOverhang 149 --outFileNamePrefix /scratch/vasccell/cs806/huvecRNASEQ/mappedReads/UVE_RNA12677083 --twopassMode Basic --quantMode TranscriptomeSAM GeneCounts --outSAMunmapped Within --outSAMstrandField intronMotif --outFilterIntronMotifs RemoveNoncanonical --outSAMtype None --outFilterType BySJout --limitSjdbInsertNsj 2000000
	STAR version: 2.7.10b   compiled: 2023-09-07T16:18:26+01:00 alice-login01:/tmp/root/spack-stage/spack-stage-star-2.7.10b-m3zkpicxc646uuyr27srekzcr7f2dnv4/spack-src/source
Sep 09 19:32:39 ..... started STAR run
Sep 09 19:32:39 ..... loading genome
	STAR --runMode alignReads --runThreadN 28 --genomeDir /scratch/vasccell/cs806/exprPhenoData/GRCh38_STARindex --readFilesIn /scratch/vasccell/cs806/huvecRNASEQ/rawReads/UVE_RNA12677000_1.fastq.gz /scratch/vasccell/cs806/huvecRNASEQ/rawReads/UVE_RNA12677000_2.fastq.gz --readFilesCommand zcat --sjdbOverhang 149 --outFileNamePrefix /scratch/vasccell/cs806/huvecRNASEQ/mappedReads/UVE_RNA12677000 --twopassMode Basic --quantMode TranscriptomeSAM GeneCounts --outSAMunmapped Within --outSAMstrandField intronMotif --outFilterIntronMotifs RemoveNoncanonical --outSAMtype None --outFilterType BySJout --limitSjdbInsertNsj 2000000
	STAR version: 2.7.10b   compiled: 2023-09-07T16:18:26+01:00 alice-login01:/tmp/root/spack-stage/spack-stage-star-2.7.10b-m3zkpicxc646uuyr27srekzcr7f2dnv4/spack-src/source
Sep 09 19:32:39 ..... started STAR run
Sep 09 19:32:39 ..... loading genome
	STAR --runMode alignReads --runThreadN 28 --genomeDir /scratch/vasccell/cs806/exprPhenoData/GRCh38_STARindex --readFilesIn /scratch/vasccell/cs806/huvecRNASEQ/rawReads/UVE_RNA12676977_1.fastq.gz /scratch/vasccell/cs806/huvecRNASEQ/rawReads/UVE_RNA12676977_2.fastq.gz --readFilesCommand zcat --sjdbOverhang 149 --outFileNamePrefix /scratch/vasccell/cs806/huvecRNASEQ/mappedReads/UVE_RNA12676977 --twopassMode Basic --quantMode TranscriptomeSAM GeneCounts --outSAMunmapped Within --outSAMstrandField intronMotif --outFilterIntronMotifs RemoveNoncanonical --outSAMtype None --outFilterType BySJout --limitSjdbInsertNsj 2000000
	STAR version: 2.7.10b   compiled: 2023-09-07T16:18:26+01:00 alice-login01:/tmp/root/spack-stage/spack-stage-star-2.7.10b-m3zkpicxc646uuyr27srekzcr7f2dnv4/spack-src/source
Sep 09 19:32:39 ..... started STAR run
Sep 09 19:32:40 ..... loading genome
	STAR --runMode alignReads --runThreadN 28 --genomeDir /scratch/vasccell/cs806/exprPhenoData/GRCh38_STARindex --readFilesIn /scratch/vasccell/cs806/huvecRNASEQ/rawReads/UVE_RNA12676987_1.fastq.gz /scratch/vasccell/cs806/huvecRNASEQ/rawReads/UVE_RNA12676987_2.fastq.gz --readFilesCommand zcat --sjdbOverhang 149 --outFileNamePrefix /scratch/vasccell/cs806/huvecRNASEQ/mappedReads/UVE_RNA12676987 --twopassMode Basic --quantMode TranscriptomeSAM GeneCounts --outSAMunmapped Within --outSAMstrandField intronMotif --outFilterIntronMotifs RemoveNoncanonical --outSAMtype None --outFilterType BySJout --limitSjdbInsertNsj 2000000
	STAR version: 2.7.10b   compiled: 2023-09-07T16:18:26+01:00 alice-login01:/tmp/root/spack-stage/spack-stage-star-2.7.10b-m3zkpicxc646uuyr27srekzcr7f2dnv4/spack-src/source
Sep 09 19:32:40 ..... started STAR run
Sep 09 19:32:40 ..... loading genome
	STAR --runMode alignReads --runThreadN 28 --genomeDir /scratch/vasccell/cs806/exprPhenoData/GRCh38_STARindex --readFilesIn /scratch/vasccell/cs806/huvecRNASEQ/rawReads/UVE_RNA12676961_1.fastq.gz /scratch/vasccell/cs806/huvecRNASEQ/rawReads/UVE_RNA12676961_2.fastq.gz --readFilesCommand zcat --sjdbOverhang 149 --outFileNamePrefix /scratch/vasccell/cs806/huvecRNASEQ/mappedReads/UVE_RNA12676961 --twopassMode Basic --quantMode TranscriptomeSAM GeneCounts --outSAMunmapped Within --outSAMstrandField intronMotif --outFilterIntronMotifs RemoveNoncanonical --outSAMtype None --outFilterType BySJout --limitSjdbInsertNsj 2000000
	STAR version: 2.7.10b   compiled: 2023-09-07T16:18:26+01:00 alice-login01:/tmp/root/spack-stage/spack-stage-star-2.7.10b-m3zkpicxc646uuyr27srekzcr7f2dnv4/spack-src/source
Sep 09 19:32:40 ..... started STAR run
Sep 09 19:32:40 ..... loading genome
	STAR --runMode alignReads --runThreadN 28 --genomeDir /scratch/vasccell/cs806/exprPhenoData/GRCh38_STARindex --readFilesIn /scratch/vasccell/cs806/huvecRNASEQ/rawReads/UVE_RNA12676991_1.fastq.gz /scratch/vasccell/cs806/huvecRNASEQ/rawReads/UVE_RNA12676991_2.fastq.gz --readFilesCommand zcat --sjdbOverhang 149 --outFileNamePrefix /scratch/vasccell/cs806/huvecRNASEQ/mappedReads/UVE_RNA12676991 --twopassMode Basic --quantMode TranscriptomeSAM GeneCounts --outSAMunmapped Within --outSAMstrandField intronMotif --outFilterIntronMotifs RemoveNoncanonical --outSAMtype None --outFilterType BySJout --limitSjdbInsertNsj 2000000
	STAR version: 2.7.10b   compiled: 2023-09-07T16:18:26+01:00 alice-login01:/tmp/root/spack-stage/spack-stage-star-2.7.10b-m3zkpicxc646uuyr27srekzcr7f2dnv4/spack-src/source
Sep 09 19:32:40 ..... started STAR run
Sep 09 19:32:41 ..... loading genome
	STAR --runMode alignReads --runThreadN 28 --genomeDir /scratch/vasccell/cs806/exprPhenoData/GRCh38_STARindex --readFilesIn /scratch/vasccell/cs806/huvecRNASEQ/rawReads/UVE_RNA12677007_1.fastq.gz /scratch/vasccell/cs806/huvecRNASEQ/rawReads/UVE_RNA12677007_2.fastq.gz --readFilesCommand zcat --sjdbOverhang 149 --outFileNamePrefix /scratch/vasccell/cs806/huvecRNASEQ/mappedReads/UVE_RNA12677007 --twopassMode Basic --quantMode TranscriptomeSAM GeneCounts --outSAMunmapped Within --outSAMstrandField intronMotif --outFilterIntronMotifs RemoveNoncanonical --outSAMtype None --outFilterType BySJout --limitSjdbInsertNsj 2000000
	STAR version: 2.7.10b   compiled: 2023-09-07T16:18:26+01:00 alice-login01:/tmp/root/spack-stage/spack-stage-star-2.7.10b-m3zkpicxc646uuyr27srekzcr7f2dnv4/spack-src/source
Sep 09 19:32:41 ..... started STAR run
Sep 09 19:32:41 ..... loading genome
	STAR --runMode alignReads --runThreadN 28 --genomeDir /scratch/vasccell/cs806/exprPhenoData/GRCh38_STARindex --readFilesIn /scratch/vasccell/cs806/huvecRNASEQ/rawReads/UVE_RNA12677084_1.fastq.gz /scratch/vasccell/cs806/huvecRNASEQ/rawReads/UVE_RNA12677084_2.fastq.gz --readFilesCommand zcat --sjdbOverhang 149 --outFileNamePrefix /scratch/vasccell/cs806/huvecRNASEQ/mappedReads/UVE_RNA12677084 --twopassMode Basic --quantMode TranscriptomeSAM GeneCounts --outSAMunmapped Within --outSAMstrandField intronMotif --outFilterIntronMotifs RemoveNoncanonical --outSAMtype None --outFilterType BySJout --limitSjdbInsertNsj 2000000
	STAR version: 2.7.10b   compiled: 2023-09-07T16:18:26+01:00 alice-login01:/tmp/root/spack-stage/spack-stage-star-2.7.10b-m3zkpicxc646uuyr27srekzcr7f2dnv4/spack-src/source
Sep 09 19:32:41 ..... started STAR run
Sep 09 19:32:41 ..... loading genome
	STAR --runMode alignReads --runThreadN 28 --genomeDir /scratch/vasccell/cs806/exprPhenoData/GRCh38_STARindex --readFilesIn /scratch/vasccell/cs806/huvecRNASEQ/rawReads/UVE_RNA12677074_1.fastq.gz /scratch/vasccell/cs806/huvecRNASEQ/rawReads/UVE_RNA12677074_2.fastq.gz --readFilesCommand zcat --sjdbOverhang 149 --outFileNamePrefix /scratch/vasccell/cs806/huvecRNASEQ/mappedReads/UVE_RNA12677074 --twopassMode Basic --quantMode TranscriptomeSAM GeneCounts --outSAMunmapped Within --outSAMstrandField intronMotif --outFilterIntronMotifs RemoveNoncanonical --outSAMtype None --outFilterType BySJout --limitSjdbInsertNsj 2000000
	STAR version: 2.7.10b   compiled: 2023-09-07T16:18:26+01:00 alice-login01:/tmp/root/spack-stage/spack-stage-star-2.7.10b-m3zkpicxc646uuyr27srekzcr7f2dnv4/spack-src/source
Sep 09 19:32:41 ..... started STAR run
Sep 09 19:32:42 ..... loading genome
	STAR --runMode alignReads --runThreadN 28 --genomeDir /scratch/vasccell/cs806/exprPhenoData/GRCh38_STARindex --readFilesIn /scratch/vasccell/cs806/huvecRNASEQ/rawReads/UVE_RNA12677092_1.fastq.gz /scratch/vasccell/cs806/huvecRNASEQ/rawReads/UVE_RNA12677092_2.fastq.gz --readFilesCommand zcat --sjdbOverhang 149 --outFileNamePrefix /scratch/vasccell/cs806/huvecRNASEQ/mappedReads/UVE_RNA12677092 --twopassMode Basic --quantMode TranscriptomeSAM GeneCounts --outSAMunmapped Within --outSAMstrandField intronMotif --outFilterIntronMotifs RemoveNoncanonical --outSAMtype None --outFilterType BySJout --limitSjdbInsertNsj 2000000
	STAR version: 2.7.10b   compiled: 2023-09-07T16:18:26+01:00 alice-login01:/tmp/root/spack-stage/spack-stage-star-2.7.10b-m3zkpicxc646uuyr27srekzcr7f2dnv4/spack-src/source
Sep 09 19:32:42 ..... started STAR run
Sep 09 19:32:42 ..... loading genome
	STAR --runMode alignReads --runThreadN 28 --genomeDir /scratch/vasccell/cs806/exprPhenoData/GRCh38_STARindex --readFilesIn /scratch/vasccell/cs806/huvecRNASEQ/rawReads/UVE_RNA12677062_1.fastq.gz /scratch/vasccell/cs806/huvecRNASEQ/rawReads/UVE_RNA12677062_2.fastq.gz --readFilesCommand zcat --sjdbOverhang 149 --outFileNamePrefix /scratch/vasccell/cs806/huvecRNASEQ/mappedReads/UVE_RNA12677062 --twopassMode Basic --quantMode TranscriptomeSAM GeneCounts --outSAMunmapped Within --outSAMstrandField intronMotif --outFilterIntronMotifs RemoveNoncanonical --outSAMtype None --outFilterType BySJout --limitSjdbInsertNsj 2000000
	STAR version: 2.7.10b   compiled: 2023-09-07T16:18:26+01:00 alice-login01:/tmp/root/spack-stage/spack-stage-star-2.7.10b-m3zkpicxc646uuyr27srekzcr7f2dnv4/spack-src/source
Sep 09 19:32:42 ..... started STAR run
Sep 09 19:32:42 ..... loading genome
	STAR --runMode alignReads --runThreadN 28 --genomeDir /scratch/vasccell/cs806/exprPhenoData/GRCh38_STARindex --readFilesIn /scratch/vasccell/cs806/huvecRNASEQ/rawReads/UVE_RNA12676996_1.fastq.gz /scratch/vasccell/cs806/huvecRNASEQ/rawReads/UVE_RNA12676996_2.fastq.gz --readFilesCommand zcat --sjdbOverhang 149 --outFileNamePrefix /scratch/vasccell/cs806/huvecRNASEQ/mappedReads/UVE_RNA12676996 --twopassMode Basic --quantMode TranscriptomeSAM GeneCounts --outSAMunmapped Within --outSAMstrandField intronMotif --outFilterIntronMotifs RemoveNoncanonical --outSAMtype None --outFilterType BySJout --limitSjdbInsertNsj 2000000
	STAR version: 2.7.10b   compiled: 2023-09-07T16:18:26+01:00 alice-login01:/tmp/root/spack-stage/spack-stage-star-2.7.10b-m3zkpicxc646uuyr27srekzcr7f2dnv4/spack-src/source
Sep 09 19:32:42 ..... started STAR run
Sep 09 19:32:42 ..... loading genome
	STAR --runMode alignReads --runThreadN 28 --genomeDir /scratch/vasccell/cs806/exprPhenoData/GRCh38_STARindex --readFilesIn /scratch/vasccell/cs806/huvecRNASEQ/rawReads/UVE_RNA12677058_1.fastq.gz /scratch/vasccell/cs806/huvecRNASEQ/rawReads/UVE_RNA12677058_2.fastq.gz --readFilesCommand zcat --sjdbOverhang 149 --outFileNamePrefix /scratch/vasccell/cs806/huvecRNASEQ/mappedReads/UVE_RNA12677058 --twopassMode Basic --quantMode TranscriptomeSAM GeneCounts --outSAMunmapped Within --outSAMstrandField intronMotif --outFilterIntronMotifs RemoveNoncanonical --outSAMtype None --outFilterType BySJout --limitSjdbInsertNsj 2000000
	STAR version: 2.7.10b   compiled: 2023-09-07T16:18:26+01:00 alice-login01:/tmp/root/spack-stage/spack-stage-star-2.7.10b-m3zkpicxc646uuyr27srekzcr7f2dnv4/spack-src/source
Sep 09 19:32:42 ..... started STAR run
Sep 09 19:32:42 ..... loading genome
	STAR --runMode alignReads --runThreadN 28 --genomeDir /scratch/vasccell/cs806/exprPhenoData/GRCh38_STARindex --readFilesIn /scratch/vasccell/cs806/huvecRNASEQ/rawReads/UVE_RNA12676966_1.fastq.gz /scratch/vasccell/cs806/huvecRNASEQ/rawReads/UVE_RNA12676966_2.fastq.gz --readFilesCommand zcat --sjdbOverhang 149 --outFileNamePrefix /scratch/vasccell/cs806/huvecRNASEQ/mappedReads/UVE_RNA12676966 --twopassMode Basic --quantMode TranscriptomeSAM GeneCounts --outSAMunmapped Within --outSAMstrandField intronMotif --outFilterIntronMotifs RemoveNoncanonical --outSAMtype None --outFilterType BySJout --limitSjdbInsertNsj 2000000
	STAR version: 2.7.10b   compiled: 2023-09-07T16:18:26+01:00 alice-login01:/tmp/root/spack-stage/spack-stage-star-2.7.10b-m3zkpicxc646uuyr27srekzcr7f2dnv4/spack-src/source
Sep 09 19:32:42 ..... started STAR run
Sep 09 19:32:43 ..... loading genome
	STAR --runMode alignReads --runThreadN 28 --genomeDir /scratch/vasccell/cs806/exprPhenoData/GRCh38_STARindex --readFilesIn /scratch/vasccell/cs806/huvecRNASEQ/rawReads/UVE_RNA12676980_1.fastq.gz /scratch/vasccell/cs806/huvecRNASEQ/rawReads/UVE_RNA12676980_2.fastq.gz --readFilesCommand zcat --sjdbOverhang 149 --outFileNamePrefix /scratch/vasccell/cs806/huvecRNASEQ/mappedReads/UVE_RNA12676980 --twopassMode Basic --quantMode TranscriptomeSAM GeneCounts --outSAMunmapped Within --outSAMstrandField intronMotif --outFilterIntronMotifs RemoveNoncanonical --outSAMtype None --outFilterType BySJout --limitSjdbInsertNsj 2000000
	STAR version: 2.7.10b   compiled: 2023-09-07T16:18:26+01:00 alice-login01:/tmp/root/spack-stage/spack-stage-star-2.7.10b-m3zkpicxc646uuyr27srekzcr7f2dnv4/spack-src/source
Sep 09 19:32:43 ..... started STAR run
Sep 09 19:32:43 ..... loading genome
	STAR --runMode alignReads --runThreadN 28 --genomeDir /scratch/vasccell/cs806/exprPhenoData/GRCh38_STARindex --readFilesIn /scratch/vasccell/cs806/huvecRNASEQ/rawReads/UVE_RNA12676970_1.fastq.gz /scratch/vasccell/cs806/huvecRNASEQ/rawReads/UVE_RNA12676970_2.fastq.gz --readFilesCommand zcat --sjdbOverhang 149 --outFileNamePrefix /scratch/vasccell/cs806/huvecRNASEQ/mappedReads/UVE_RNA12676970 --twopassMode Basic --quantMode TranscriptomeSAM GeneCounts --outSAMunmapped Within --outSAMstrandField intronMotif --outFilterIntronMotifs RemoveNoncanonical --outSAMtype None --outFilterType BySJout --limitSjdbInsertNsj 2000000
	STAR version: 2.7.10b   compiled: 2023-09-07T16:18:26+01:00 alice-login01:/tmp/root/spack-stage/spack-stage-star-2.7.10b-m3zkpicxc646uuyr27srekzcr7f2dnv4/spack-src/source
Sep 09 19:32:43 ..... started STAR run
Sep 09 19:32:43 ..... loading genome
	STAR --runMode alignReads --runThreadN 28 --genomeDir /scratch/vasccell/cs806/exprPhenoData/GRCh38_STARindex --readFilesIn /scratch/vasccell/cs806/huvecRNASEQ/rawReads/UVE_RNA12677099_1.fastq.gz /scratch/vasccell/cs806/huvecRNASEQ/rawReads/UVE_RNA12677099_2.fastq.gz --readFilesCommand zcat --sjdbOverhang 149 --outFileNamePrefix /scratch/vasccell/cs806/huvecRNASEQ/mappedReads/UVE_RNA12677099 --twopassMode Basic --quantMode TranscriptomeSAM GeneCounts --outSAMunmapped Within --outSAMstrandField intronMotif --outFilterIntronMotifs RemoveNoncanonical --outSAMtype None --outFilterType BySJout --limitSjdbInsertNsj 2000000
	STAR version: 2.7.10b   compiled: 2023-09-07T16:18:26+01:00 alice-login01:/tmp/root/spack-stage/spack-stage-star-2.7.10b-m3zkpicxc646uuyr27srekzcr7f2dnv4/spack-src/source
Sep 09 19:32:43 ..... started STAR run
Sep 09 19:32:44 ..... loading genome
	STAR --runMode alignReads --runThreadN 28 --genomeDir /scratch/vasccell/cs806/exprPhenoData/GRCh38_STARindex --readFilesIn /scratch/vasccell/cs806/huvecRNASEQ/rawReads/UVE_RNA12677069_1.fastq.gz /scratch/vasccell/cs806/huvecRNASEQ/rawReads/UVE_RNA12677069_2.fastq.gz --readFilesCommand zcat --sjdbOverhang 149 --outFileNamePrefix /scratch/vasccell/cs806/huvecRNASEQ/mappedReads/UVE_RNA12677069 --twopassMode Basic --quantMode TranscriptomeSAM GeneCounts --outSAMunmapped Within --outSAMstrandField intronMotif --outFilterIntronMotifs RemoveNoncanonical --outSAMtype None --outFilterType BySJout --limitSjdbInsertNsj 2000000
	STAR version: 2.7.10b   compiled: 2023-09-07T16:18:26+01:00 alice-login01:/tmp/root/spack-stage/spack-stage-star-2.7.10b-m3zkpicxc646uuyr27srekzcr7f2dnv4/spack-src/source
Sep 09 19:32:44 ..... started STAR run
Sep 09 19:32:44 ..... loading genome
	STAR --runMode alignReads --runThreadN 28 --genomeDir /scratch/vasccell/cs806/exprPhenoData/GRCh38_STARindex --readFilesIn /scratch/vasccell/cs806/huvecRNASEQ/rawReads/UVE_RNA12676997_1.fastq.gz /scratch/vasccell/cs806/huvecRNASEQ/rawReads/UVE_RNA12676997_2.fastq.gz --readFilesCommand zcat --sjdbOverhang 149 --outFileNamePrefix /scratch/vasccell/cs806/huvecRNASEQ/mappedReads/UVE_RNA12676997 --twopassMode Basic --quantMode TranscriptomeSAM GeneCounts --outSAMunmapped Within --outSAMstrandField intronMotif --outFilterIntronMotifs RemoveNoncanonical --outSAMtype None --outFilterType BySJout --limitSjdbInsertNsj 2000000
	STAR version: 2.7.10b   compiled: 2023-09-07T16:18:26+01:00 alice-login01:/tmp/root/spack-stage/spack-stage-star-2.7.10b-m3zkpicxc646uuyr27srekzcr7f2dnv4/spack-src/source
Sep 09 19:32:44 ..... started STAR run
Sep 09 19:32:44 ..... loading genome
	STAR --runMode alignReads --runThreadN 28 --genomeDir /scratch/vasccell/cs806/exprPhenoData/GRCh38_STARindex --readFilesIn /scratch/vasccell/cs806/huvecRNASEQ/rawReads/UVE_RNA12677059_1.fastq.gz /scratch/vasccell/cs806/huvecRNASEQ/rawReads/UVE_RNA12677059_2.fastq.gz --readFilesCommand zcat --sjdbOverhang 149 --outFileNamePrefix /scratch/vasccell/cs806/huvecRNASEQ/mappedReads/UVE_RNA12677059 --twopassMode Basic --quantMode TranscriptomeSAM GeneCounts --outSAMunmapped Within --outSAMstrandField intronMotif --outFilterIntronMotifs RemoveNoncanonical --outSAMtype None --outFilterType BySJout --limitSjdbInsertNsj 2000000
	STAR version: 2.7.10b   compiled: 2023-09-07T16:18:26+01:00 alice-login01:/tmp/root/spack-stage/spack-stage-star-2.7.10b-m3zkpicxc646uuyr27srekzcr7f2dnv4/spack-src/source
Sep 09 19:32:44 ..... started STAR run
Sep 09 19:32:44 ..... loading genome
	STAR --runMode alignReads --runThreadN 28 --genomeDir /scratch/vasccell/cs806/exprPhenoData/GRCh38_STARindex --readFilesIn /scratch/vasccell/cs806/huvecRNASEQ/rawReads/UVE_RNA12676967_1.fastq.gz /scratch/vasccell/cs806/huvecRNASEQ/rawReads/UVE_RNA12676967_2.fastq.gz --readFilesCommand zcat --sjdbOverhang 149 --outFileNamePrefix /scratch/vasccell/cs806/huvecRNASEQ/mappedReads/UVE_RNA12676967 --twopassMode Basic --quantMode TranscriptomeSAM GeneCounts --outSAMunmapped Within --outSAMstrandField intronMotif --outFilterIntronMotifs RemoveNoncanonical --outSAMtype None --outFilterType BySJout --limitSjdbInsertNsj 2000000
	STAR version: 2.7.10b   compiled: 2023-09-07T16:18:26+01:00 alice-login01:/tmp/root/spack-stage/spack-stage-star-2.7.10b-m3zkpicxc646uuyr27srekzcr7f2dnv4/spack-src/source
Sep 09 19:32:44 ..... started STAR run
Sep 09 19:32:45 ..... loading genome
	STAR --runMode alignReads --runThreadN 28 --genomeDir /scratch/vasccell/cs806/exprPhenoData/GRCh38_STARindex --readFilesIn /scratch/vasccell/cs806/huvecRNASEQ/rawReads/UVE_RNA12676981_1.fastq.gz /scratch/vasccell/cs806/huvecRNASEQ/rawReads/UVE_RNA12676981_2.fastq.gz --readFilesCommand zcat --sjdbOverhang 149 --outFileNamePrefix /scratch/vasccell/cs806/huvecRNASEQ/mappedReads/UVE_RNA12676981 --twopassMode Basic --quantMode TranscriptomeSAM GeneCounts --outSAMunmapped Within --outSAMstrandField intronMotif --outFilterIntronMotifs RemoveNoncanonical --outSAMtype None --outFilterType BySJout --limitSjdbInsertNsj 2000000
	STAR version: 2.7.10b   compiled: 2023-09-07T16:18:26+01:00 alice-login01:/tmp/root/spack-stage/spack-stage-star-2.7.10b-m3zkpicxc646uuyr27srekzcr7f2dnv4/spack-src/source
Sep 09 19:32:45 ..... started STAR run
Sep 09 19:32:45 ..... loading genome
	STAR --runMode alignReads --runThreadN 28 --genomeDir /scratch/vasccell/cs806/exprPhenoData/GRCh38_STARindex --readFilesIn /scratch/vasccell/cs806/huvecRNASEQ/rawReads/UVE_RNA12676971_1.fastq.gz /scratch/vasccell/cs806/huvecRNASEQ/rawReads/UVE_RNA12676971_2.fastq.gz --readFilesCommand zcat --sjdbOverhang 149 --outFileNamePrefix /scratch/vasccell/cs806/huvecRNASEQ/mappedReads/UVE_RNA12676971 --twopassMode Basic --quantMode TranscriptomeSAM GeneCounts --outSAMunmapped Within --outSAMstrandField intronMotif --outFilterIntronMotifs RemoveNoncanonical --outSAMtype None --outFilterType BySJout --limitSjdbInsertNsj 2000000
	STAR version: 2.7.10b   compiled: 2023-09-07T16:18:26+01:00 alice-login01:/tmp/root/spack-stage/spack-stage-star-2.7.10b-m3zkpicxc646uuyr27srekzcr7f2dnv4/spack-src/source
Sep 09 19:32:45 ..... started STAR run
Sep 09 19:32:45 ..... loading genome
	STAR --runMode alignReads --runThreadN 28 --genomeDir /scratch/vasccell/cs806/exprPhenoData/GRCh38_STARindex --readFilesIn /scratch/vasccell/cs806/huvecRNASEQ/rawReads/UVE_RNA12677006_1.fastq.gz /scratch/vasccell/cs806/huvecRNASEQ/rawReads/UVE_RNA12677006_2.fastq.gz --readFilesCommand zcat --sjdbOverhang 149 --outFileNamePrefix /scratch/vasccell/cs806/huvecRNASEQ/mappedReads/UVE_RNA12677006 --twopassMode Basic --quantMode TranscriptomeSAM GeneCounts --outSAMunmapped Within --outSAMstrandField intronMotif --outFilterIntronMotifs RemoveNoncanonical --outSAMtype None --outFilterType BySJout --limitSjdbInsertNsj 2000000
	STAR version: 2.7.10b   compiled: 2023-09-07T16:18:26+01:00 alice-login01:/tmp/root/spack-stage/spack-stage-star-2.7.10b-m3zkpicxc646uuyr27srekzcr7f2dnv4/spack-src/source
Sep 09 19:32:45 ..... started STAR run
Sep 09 19:32:46 ..... loading genome
	STAR --runMode alignReads --runThreadN 28 --genomeDir /scratch/vasccell/cs806/exprPhenoData/GRCh38_STARindex --readFilesIn /scratch/vasccell/cs806/huvecRNASEQ/rawReads/UVE_RNA12677085_1.fastq.gz /scratch/vasccell/cs806/huvecRNASEQ/rawReads/UVE_RNA12677085_2.fastq.gz --readFilesCommand zcat --sjdbOverhang 149 --outFileNamePrefix /scratch/vasccell/cs806/huvecRNASEQ/mappedReads/UVE_RNA12677085 --twopassMode Basic --quantMode TranscriptomeSAM GeneCounts --outSAMunmapped Within --outSAMstrandField intronMotif --outFilterIntronMotifs RemoveNoncanonical --outSAMtype None --outFilterType BySJout --limitSjdbInsertNsj 2000000
	STAR version: 2.7.10b   compiled: 2023-09-07T16:18:26+01:00 alice-login01:/tmp/root/spack-stage/spack-stage-star-2.7.10b-m3zkpicxc646uuyr27srekzcr7f2dnv4/spack-src/source
Sep 09 19:32:46 ..... started STAR run
Sep 09 19:32:46 ..... loading genome
	STAR --runMode alignReads --runThreadN 28 --genomeDir /scratch/vasccell/cs806/exprPhenoData/GRCh38_STARindex --readFilesIn /scratch/vasccell/cs806/huvecRNASEQ/rawReads/UVE_RNA12677075_1.fastq.gz /scratch/vasccell/cs806/huvecRNASEQ/rawReads/UVE_RNA12677075_2.fastq.gz --readFilesCommand zcat --sjdbOverhang 149 --outFileNamePrefix /scratch/vasccell/cs806/huvecRNASEQ/mappedReads/UVE_RNA12677075 --twopassMode Basic --quantMode TranscriptomeSAM GeneCounts --outSAMunmapped Within --outSAMstrandField intronMotif --outFilterIntronMotifs RemoveNoncanonical --outSAMtype None --outFilterType BySJout --limitSjdbInsertNsj 2000000
	STAR version: 2.7.10b   compiled: 2023-09-07T16:18:26+01:00 alice-login01:/tmp/root/spack-stage/spack-stage-star-2.7.10b-m3zkpicxc646uuyr27srekzcr7f2dnv4/spack-src/source
Sep 09 19:32:46 ..... started STAR run
Sep 09 19:32:46 ..... loading genome
	STAR --runMode alignReads --runThreadN 28 --genomeDir /scratch/vasccell/cs806/exprPhenoData/GRCh38_STARindex --readFilesIn /scratch/vasccell/cs806/huvecRNASEQ/rawReads/UVE_RNA12677093_1.fastq.gz /scratch/vasccell/cs806/huvecRNASEQ/rawReads/UVE_RNA12677093_2.fastq.gz --readFilesCommand zcat --sjdbOverhang 149 --outFileNamePrefix /scratch/vasccell/cs806/huvecRNASEQ/mappedReads/UVE_RNA12677093 --twopassMode Basic --quantMode TranscriptomeSAM GeneCounts --outSAMunmapped Within --outSAMstrandField intronMotif --outFilterIntronMotifs RemoveNoncanonical --outSAMtype None --outFilterType BySJout --limitSjdbInsertNsj 2000000
	STAR version: 2.7.10b   compiled: 2023-09-07T16:18:26+01:00 alice-login01:/tmp/root/spack-stage/spack-stage-star-2.7.10b-m3zkpicxc646uuyr27srekzcr7f2dnv4/spack-src/source
Sep 09 19:32:46 ..... started STAR run
Sep 09 19:32:47 ..... loading genome
	STAR --runMode alignReads --runThreadN 28 --genomeDir /scratch/vasccell/cs806/exprPhenoData/GRCh38_STARindex --readFilesIn /scratch/vasccell/cs806/huvecRNASEQ/rawReads/UVE_RNA12677063_1.fastq.gz /scratch/vasccell/cs806/huvecRNASEQ/rawReads/UVE_RNA12677063_2.fastq.gz --readFilesCommand zcat --sjdbOverhang 149 --outFileNamePrefix /scratch/vasccell/cs806/huvecRNASEQ/mappedReads/UVE_RNA12677063 --twopassMode Basic --quantMode TranscriptomeSAM GeneCounts --outSAMunmapped Within --outSAMstrandField intronMotif --outFilterIntronMotifs RemoveNoncanonical --outSAMtype None --outFilterType BySJout --limitSjdbInsertNsj 2000000
	STAR version: 2.7.10b   compiled: 2023-09-07T16:18:26+01:00 alice-login01:/tmp/root/spack-stage/spack-stage-star-2.7.10b-m3zkpicxc646uuyr27srekzcr7f2dnv4/spack-src/source
Sep 09 19:32:47 ..... started STAR run
Sep 09 19:32:47 ..... loading genome
	STAR --runMode alignReads --runThreadN 28 --genomeDir /scratch/vasccell/cs806/exprPhenoData/GRCh38_STARindex --readFilesIn /scratch/vasccell/cs806/huvecRNASEQ/rawReads/UVE_RNA12677098_1.fastq.gz /scratch/vasccell/cs806/huvecRNASEQ/rawReads/UVE_RNA12677098_2.fastq.gz --readFilesCommand zcat --sjdbOverhang 149 --outFileNamePrefix /scratch/vasccell/cs806/huvecRNASEQ/mappedReads/UVE_RNA12677098 --twopassMode Basic --quantMode TranscriptomeSAM GeneCounts --outSAMunmapped Within --outSAMstrandField intronMotif --outFilterIntronMotifs RemoveNoncanonical --outSAMtype None --outFilterType BySJout --limitSjdbInsertNsj 2000000
	STAR version: 2.7.10b   compiled: 2023-09-07T16:18:26+01:00 alice-login01:/tmp/root/spack-stage/spack-stage-star-2.7.10b-m3zkpicxc646uuyr27srekzcr7f2dnv4/spack-src/source
Sep 09 19:32:47 ..... started STAR run
Sep 09 19:32:48 ..... loading genome
	STAR --runMode alignReads --runThreadN 28 --genomeDir /scratch/vasccell/cs806/exprPhenoData/GRCh38_STARindex --readFilesIn /scratch/vasccell/cs806/huvecRNASEQ/rawReads/UVE_RNA12677068_1.fastq.gz /scratch/vasccell/cs806/huvecRNASEQ/rawReads/UVE_RNA12677068_2.fastq.gz --readFilesCommand zcat --sjdbOverhang 149 --outFileNamePrefix /scratch/vasccell/cs806/huvecRNASEQ/mappedReads/UVE_RNA12677068 --twopassMode Basic --quantMode TranscriptomeSAM GeneCounts --outSAMunmapped Within --outSAMstrandField intronMotif --outFilterIntronMotifs RemoveNoncanonical --outSAMtype None --outFilterType BySJout --limitSjdbInsertNsj 2000000
	STAR version: 2.7.10b   compiled: 2023-09-07T16:18:26+01:00 alice-login01:/tmp/root/spack-stage/spack-stage-star-2.7.10b-m3zkpicxc646uuyr27srekzcr7f2dnv4/spack-src/source
Sep 09 19:32:48 ..... started STAR run
Sep 09 19:32:48 ..... loading genome
	STAR --runMode alignReads --runThreadN 28 --genomeDir /scratch/vasccell/cs806/exprPhenoData/GRCh38_STARindex --readFilesIn /scratch/vasccell/cs806/huvecRNASEQ/rawReads/UVE_RNA12677079_1.fastq.gz /scratch/vasccell/cs806/huvecRNASEQ/rawReads/UVE_RNA12677079_2.fastq.gz --readFilesCommand zcat --sjdbOverhang 149 --outFileNamePrefix /scratch/vasccell/cs806/huvecRNASEQ/mappedReads/UVE_RNA12677079 --twopassMode Basic --quantMode TranscriptomeSAM GeneCounts --outSAMunmapped Within --outSAMstrandField intronMotif --outFilterIntronMotifs RemoveNoncanonical --outSAMtype None --outFilterType BySJout --limitSjdbInsertNsj 2000000
	STAR version: 2.7.10b   compiled: 2023-09-07T16:18:26+01:00 alice-login01:/tmp/root/spack-stage/spack-stage-star-2.7.10b-m3zkpicxc646uuyr27srekzcr7f2dnv4/spack-src/source
Sep 09 19:32:48 ..... started STAR run
Sep 09 19:32:48 ..... loading genome
	STAR --runMode alignReads --runThreadN 28 --genomeDir /scratch/vasccell/cs806/exprPhenoData/GRCh38_STARindex --readFilesIn /scratch/vasccell/cs806/huvecRNASEQ/rawReads/UVE_RNA12677089_1.fastq.gz /scratch/vasccell/cs806/huvecRNASEQ/rawReads/UVE_RNA12677089_2.fastq.gz --readFilesCommand zcat --sjdbOverhang 149 --outFileNamePrefix /scratch/vasccell/cs806/huvecRNASEQ/mappedReads/UVE_RNA12677089 --twopassMode Basic --quantMode TranscriptomeSAM GeneCounts --outSAMunmapped Within --outSAMstrandField intronMotif --outFilterIntronMotifs RemoveNoncanonical --outSAMtype None --outFilterType BySJout --limitSjdbInsertNsj 2000000
	STAR version: 2.7.10b   compiled: 2023-09-07T16:18:26+01:00 alice-login01:/tmp/root/spack-stage/spack-stage-star-2.7.10b-m3zkpicxc646uuyr27srekzcr7f2dnv4/spack-src/source
Sep 09 19:32:48 ..... started STAR run
Sep 09 19:32:49 ..... loading genome
	STAR --runMode alignReads --runThreadN 28 --genomeDir /scratch/vasccell/cs806/exprPhenoData/GRCh38_STARindex --readFilesIn /scratch/vasccell/cs806/huvecRNASEQ/rawReads/UVE_RNA12677055_1.fastq.gz /scratch/vasccell/cs806/huvecRNASEQ/rawReads/UVE_RNA12677055_2.fastq.gz --readFilesCommand zcat --sjdbOverhang 149 --outFileNamePrefix /scratch/vasccell/cs806/huvecRNASEQ/mappedReads/UVE_RNA12677055 --twopassMode Basic --quantMode TranscriptomeSAM GeneCounts --outSAMunmapped Within --outSAMstrandField intronMotif --outFilterIntronMotifs RemoveNoncanonical --outSAMtype None --outFilterType BySJout --limitSjdbInsertNsj 2000000
	STAR version: 2.7.10b   compiled: 2023-09-07T16:18:26+01:00 alice-login01:/tmp/root/spack-stage/spack-stage-star-2.7.10b-m3zkpicxc646uuyr27srekzcr7f2dnv4/spack-src/source
Sep 09 19:32:49 ..... started STAR run
Sep 09 19:32:49 ..... loading genome
	STAR --runMode alignReads --runThreadN 28 --genomeDir /scratch/vasccell/cs806/exprPhenoData/GRCh38_STARindex --readFilesIn /scratch/vasccell/cs806/huvecRNASEQ/rawReads/UVE_RNA12676976_1.fastq.gz /scratch/vasccell/cs806/huvecRNASEQ/rawReads/UVE_RNA12676976_2.fastq.gz --readFilesCommand zcat --sjdbOverhang 149 --outFileNamePrefix /scratch/vasccell/cs806/huvecRNASEQ/mappedReads/UVE_RNA12676976 --twopassMode Basic --quantMode TranscriptomeSAM GeneCounts --outSAMunmapped Within --outSAMstrandField intronMotif --outFilterIntronMotifs RemoveNoncanonical --outSAMtype None --outFilterType BySJout --limitSjdbInsertNsj 2000000
	STAR version: 2.7.10b   compiled: 2023-09-07T16:18:26+01:00 alice-login01:/tmp/root/spack-stage/spack-stage-star-2.7.10b-m3zkpicxc646uuyr27srekzcr7f2dnv4/spack-src/source
Sep 09 19:32:49 ..... started STAR run
Sep 09 19:32:49 ..... loading genome
	STAR --runMode alignReads --runThreadN 28 --genomeDir /scratch/vasccell/cs806/exprPhenoData/GRCh38_STARindex --readFilesIn /scratch/vasccell/cs806/huvecRNASEQ/rawReads/UVE_RNA12676986_1.fastq.gz /scratch/vasccell/cs806/huvecRNASEQ/rawReads/UVE_RNA12676986_2.fastq.gz --readFilesCommand zcat --sjdbOverhang 149 --outFileNamePrefix /scratch/vasccell/cs806/huvecRNASEQ/mappedReads/UVE_RNA12676986 --twopassMode Basic --quantMode TranscriptomeSAM GeneCounts --outSAMunmapped Within --outSAMstrandField intronMotif --outFilterIntronMotifs RemoveNoncanonical --outSAMtype None --outFilterType BySJout --limitSjdbInsertNsj 2000000
	STAR version: 2.7.10b   compiled: 2023-09-07T16:18:26+01:00 alice-login01:/tmp/root/spack-stage/spack-stage-star-2.7.10b-m3zkpicxc646uuyr27srekzcr7f2dnv4/spack-src/source
Sep 09 19:32:49 ..... started STAR run
Sep 09 19:32:50 ..... loading genome
	STAR --runMode alignReads --runThreadN 28 --genomeDir /scratch/vasccell/cs806/exprPhenoData/GRCh38_STARindex --readFilesIn /scratch/vasccell/cs806/huvecRNASEQ/rawReads/UVE_RNA12676960_1.fastq.gz /scratch/vasccell/cs806/huvecRNASEQ/rawReads/UVE_RNA12676960_2.fastq.gz --readFilesCommand zcat --sjdbOverhang 149 --outFileNamePrefix /scratch/vasccell/cs806/huvecRNASEQ/mappedReads/UVE_RNA12676960 --twopassMode Basic --quantMode TranscriptomeSAM GeneCounts --outSAMunmapped Within --outSAMstrandField intronMotif --outFilterIntronMotifs RemoveNoncanonical --outSAMtype None --outFilterType BySJout --limitSjdbInsertNsj 2000000
	STAR version: 2.7.10b   compiled: 2023-09-07T16:18:26+01:00 alice-login01:/tmp/root/spack-stage/spack-stage-star-2.7.10b-m3zkpicxc646uuyr27srekzcr7f2dnv4/spack-src/source
Sep 09 19:32:50 ..... started STAR run
Sep 09 19:32:50 ..... loading genome
	STAR --runMode alignReads --runThreadN 28 --genomeDir /scratch/vasccell/cs806/exprPhenoData/GRCh38_STARindex --readFilesIn /scratch/vasccell/cs806/huvecRNASEQ/rawReads/UVE_RNA12676990_1.fastq.gz /scratch/vasccell/cs806/huvecRNASEQ/rawReads/UVE_RNA12676990_2.fastq.gz --readFilesCommand zcat --sjdbOverhang 149 --outFileNamePrefix /scratch/vasccell/cs806/huvecRNASEQ/mappedReads/UVE_RNA12676990 --twopassMode Basic --quantMode TranscriptomeSAM GeneCounts --outSAMunmapped Within --outSAMstrandField intronMotif --outFilterIntronMotifs RemoveNoncanonical --outSAMtype None --outFilterType BySJout --limitSjdbInsertNsj 2000000
	STAR version: 2.7.10b   compiled: 2023-09-07T16:18:26+01:00 alice-login01:/tmp/root/spack-stage/spack-stage-star-2.7.10b-m3zkpicxc646uuyr27srekzcr7f2dnv4/spack-src/source
Sep 09 19:32:50 ..... started STAR run
Sep 09 19:32:50 ..... loading genome
	STAR --runMode alignReads --runThreadN 28 --genomeDir /scratch/vasccell/cs806/exprPhenoData/GRCh38_STARindex --readFilesIn /scratch/vasccell/cs806/huvecRNASEQ/rawReads/UVE_RNA12677064_1.fastq.gz /scratch/vasccell/cs806/huvecRNASEQ/rawReads/UVE_RNA12677064_2.fastq.gz --readFilesCommand zcat --sjdbOverhang 149 --outFileNamePrefix /scratch/vasccell/cs806/huvecRNASEQ/mappedReads/UVE_RNA12677064 --twopassMode Basic --quantMode TranscriptomeSAM GeneCounts --outSAMunmapped Within --outSAMstrandField intronMotif --outFilterIntronMotifs RemoveNoncanonical --outSAMtype None --outFilterType BySJout --limitSjdbInsertNsj 2000000
	STAR version: 2.7.10b   compiled: 2023-09-07T16:18:26+01:00 alice-login01:/tmp/root/spack-stage/spack-stage-star-2.7.10b-m3zkpicxc646uuyr27srekzcr7f2dnv4/spack-src/source
Sep 09 19:32:50 ..... started STAR run
Sep 09 19:32:51 ..... loading genome
	STAR --runMode alignReads --runThreadN 28 --genomeDir /scratch/vasccell/cs806/exprPhenoData/GRCh38_STARindex --readFilesIn /scratch/vasccell/cs806/huvecRNASEQ/rawReads/UVE_RNA12677094_1.fastq.gz /scratch/vasccell/cs806/huvecRNASEQ/rawReads/UVE_RNA12677094_2.fastq.gz --readFilesCommand zcat --sjdbOverhang 149 --outFileNamePrefix /scratch/vasccell/cs806/huvecRNASEQ/mappedReads/UVE_RNA12677094 --twopassMode Basic --quantMode TranscriptomeSAM GeneCounts --outSAMunmapped Within --outSAMstrandField intronMotif --outFilterIntronMotifs RemoveNoncanonical --outSAMtype None --outFilterType BySJout --limitSjdbInsertNsj 2000000
	STAR version: 2.7.10b   compiled: 2023-09-07T16:18:26+01:00 alice-login01:/tmp/root/spack-stage/spack-stage-star-2.7.10b-m3zkpicxc646uuyr27srekzcr7f2dnv4/spack-src/source
Sep 09 19:32:51 ..... started STAR run
Sep 09 19:32:51 ..... loading genome
	STAR --runMode alignReads --runThreadN 28 --genomeDir /scratch/vasccell/cs806/exprPhenoData/GRCh38_STARindex --readFilesIn /scratch/vasccell/cs806/huvecRNASEQ/rawReads/UVE_RNA12677072_1.fastq.gz /scratch/vasccell/cs806/huvecRNASEQ/rawReads/UVE_RNA12677072_2.fastq.gz --readFilesCommand zcat --sjdbOverhang 149 --outFileNamePrefix /scratch/vasccell/cs806/huvecRNASEQ/mappedReads/UVE_RNA12677072 --twopassMode Basic --quantMode TranscriptomeSAM GeneCounts --outSAMunmapped Within --outSAMstrandField intronMotif --outFilterIntronMotifs RemoveNoncanonical --outSAMtype None --outFilterType BySJout --limitSjdbInsertNsj 2000000
	STAR version: 2.7.10b   compiled: 2023-09-07T16:18:26+01:00 alice-login01:/tmp/root/spack-stage/spack-stage-star-2.7.10b-m3zkpicxc646uuyr27srekzcr7f2dnv4/spack-src/source
Sep 09 19:32:51 ..... started STAR run
Sep 09 19:32:51 ..... loading genome
	STAR --runMode alignReads --runThreadN 28 --genomeDir /scratch/vasccell/cs806/exprPhenoData/GRCh38_STARindex --readFilesIn /scratch/vasccell/cs806/huvecRNASEQ/rawReads/UVE_RNA12677082_1.fastq.gz /scratch/vasccell/cs806/huvecRNASEQ/rawReads/UVE_RNA12677082_2.fastq.gz --readFilesCommand zcat --sjdbOverhang 149 --outFileNamePrefix /scratch/vasccell/cs806/huvecRNASEQ/mappedReads/UVE_RNA12677082 --twopassMode Basic --quantMode TranscriptomeSAM GeneCounts --outSAMunmapped Within --outSAMstrandField intronMotif --outFilterIntronMotifs RemoveNoncanonical --outSAMtype None --outFilterType BySJout --limitSjdbInsertNsj 2000000
	STAR version: 2.7.10b   compiled: 2023-09-07T16:18:26+01:00 alice-login01:/tmp/root/spack-stage/spack-stage-star-2.7.10b-m3zkpicxc646uuyr27srekzcr7f2dnv4/spack-src/source
Sep 09 19:32:51 ..... started STAR run
Sep 09 19:32:51 ..... loading genome
	STAR --runMode alignReads --runThreadN 28 --genomeDir /scratch/vasccell/cs806/exprPhenoData/GRCh38_STARindex --readFilesIn /scratch/vasccell/cs806/huvecRNASEQ/rawReads/UVE_RNA12677001_1.fastq.gz /scratch/vasccell/cs806/huvecRNASEQ/rawReads/UVE_RNA12677001_2.fastq.gz --readFilesCommand zcat --sjdbOverhang 149 --outFileNamePrefix /scratch/vasccell/cs806/huvecRNASEQ/mappedReads/UVE_RNA12677001 --twopassMode Basic --quantMode TranscriptomeSAM GeneCounts --outSAMunmapped Within --outSAMstrandField intronMotif --outFilterIntronMotifs RemoveNoncanonical --outSAMtype None --outFilterType BySJout --limitSjdbInsertNsj 2000000
	STAR version: 2.7.10b   compiled: 2023-09-07T16:18:26+01:00 alice-login01:/tmp/root/spack-stage/spack-stage-star-2.7.10b-m3zkpicxc646uuyr27srekzcr7f2dnv4/spack-src/source
Sep 09 19:32:51 ..... started STAR run
Sep 09 19:32:52 ..... loading genome
	STAR --runMode alignReads --runThreadN 28 --genomeDir /scratch/vasccell/cs806/exprPhenoData/GRCh38_STARindex --readFilesIn /scratch/vasccell/cs806/huvecRNASEQ/rawReads/UVE_RNA12677101_1.fastq.gz /scratch/vasccell/cs806/huvecRNASEQ/rawReads/UVE_RNA12677101_2.fastq.gz --readFilesCommand zcat --sjdbOverhang 149 --outFileNamePrefix /scratch/vasccell/cs806/huvecRNASEQ/mappedReads/UVE_RNA12677101 --twopassMode Basic --quantMode TranscriptomeSAM GeneCounts --outSAMunmapped Within --outSAMstrandField intronMotif --outFilterIntronMotifs RemoveNoncanonical --outSAMtype None --outFilterType BySJout --limitSjdbInsertNsj 2000000
	STAR version: 2.7.10b   compiled: 2023-09-07T16:18:26+01:00 alice-login01:/tmp/root/spack-stage/spack-stage-star-2.7.10b-m3zkpicxc646uuyr27srekzcr7f2dnv4/spack-src/source
Sep 09 19:32:52 ..... started STAR run
Sep 09 19:32:52 ..... loading genome
	STAR --runMode alignReads --runThreadN 28 --genomeDir /scratch/vasccell/cs806/exprPhenoData/GRCh38_STARindex --readFilesIn /scratch/vasccell/cs806/huvecRNASEQ/rawReads/UVE_RNA12677104_1.fastq.gz /scratch/vasccell/cs806/huvecRNASEQ/rawReads/UVE_RNA12677104_2.fastq.gz --readFilesCommand zcat --sjdbOverhang 149 --outFileNamePrefix /scratch/vasccell/cs806/huvecRNASEQ/mappedReads/UVE_RNA12677104 --twopassMode Basic --quantMode TranscriptomeSAM GeneCounts --outSAMunmapped Within --outSAMstrandField intronMotif --outFilterIntronMotifs RemoveNoncanonical --outSAMtype None --outFilterType BySJout --limitSjdbInsertNsj 2000000
	STAR version: 2.7.10b   compiled: 2023-09-07T16:18:26+01:00 alice-login01:/tmp/root/spack-stage/spack-stage-star-2.7.10b-m3zkpicxc646uuyr27srekzcr7f2dnv4/spack-src/source
Sep 09 19:32:52 ..... started STAR run
Sep 09 19:32:52 ..... loading genome
	STAR --runMode alignReads --runThreadN 28 --genomeDir /scratch/vasccell/cs806/exprPhenoData/GRCh38_STARindex --readFilesIn /scratch/vasccell/cs806/huvecRNASEQ/rawReads/UVE_RNA12676983_1.fastq.gz /scratch/vasccell/cs806/huvecRNASEQ/rawReads/UVE_RNA12676983_2.fastq.gz --readFilesCommand zcat --sjdbOverhang 149 --outFileNamePrefix /scratch/vasccell/cs806/huvecRNASEQ/mappedReads/UVE_RNA12676983 --twopassMode Basic --quantMode TranscriptomeSAM GeneCounts --outSAMunmapped Within --outSAMstrandField intronMotif --outFilterIntronMotifs RemoveNoncanonical --outSAMtype None --outFilterType BySJout --limitSjdbInsertNsj 2000000
	STAR version: 2.7.10b   compiled: 2023-09-07T16:18:26+01:00 alice-login01:/tmp/root/spack-stage/spack-stage-star-2.7.10b-m3zkpicxc646uuyr27srekzcr7f2dnv4/spack-src/source
Sep 09 19:32:52 ..... started STAR run
Sep 09 19:32:52 ..... loading genome
	STAR --runMode alignReads --runThreadN 28 --genomeDir /scratch/vasccell/cs806/exprPhenoData/GRCh38_STARindex --readFilesIn /scratch/vasccell/cs806/huvecRNASEQ/rawReads/UVE_RNA12676973_1.fastq.gz /scratch/vasccell/cs806/huvecRNASEQ/rawReads/UVE_RNA12676973_2.fastq.gz --readFilesCommand zcat --sjdbOverhang 149 --outFileNamePrefix /scratch/vasccell/cs806/huvecRNASEQ/mappedReads/UVE_RNA12676973 --twopassMode Basic --quantMode TranscriptomeSAM GeneCounts --outSAMunmapped Within --outSAMstrandField intronMotif --outFilterIntronMotifs RemoveNoncanonical --outSAMtype None --outFilterType BySJout --limitSjdbInsertNsj 2000000
	STAR version: 2.7.10b   compiled: 2023-09-07T16:18:26+01:00 alice-login01:/tmp/root/spack-stage/spack-stage-star-2.7.10b-m3zkpicxc646uuyr27srekzcr7f2dnv4/spack-src/source
Sep 09 19:32:52 ..... started STAR run
Sep 09 19:32:52 ..... loading genome
	STAR --runMode alignReads --runThreadN 28 --genomeDir /scratch/vasccell/cs806/exprPhenoData/GRCh38_STARindex --readFilesIn /scratch/vasccell/cs806/huvecRNASEQ/rawReads/UVE_RNA12676995_1.fastq.gz /scratch/vasccell/cs806/huvecRNASEQ/rawReads/UVE_RNA12676995_2.fastq.gz --readFilesCommand zcat --sjdbOverhang 149 --outFileNamePrefix /scratch/vasccell/cs806/huvecRNASEQ/mappedReads/UVE_RNA12676995 --twopassMode Basic --quantMode TranscriptomeSAM GeneCounts --outSAMunmapped Within --outSAMstrandField intronMotif --outFilterIntronMotifs RemoveNoncanonical --outSAMtype None --outFilterType BySJout --limitSjdbInsertNsj 2000000
	STAR version: 2.7.10b   compiled: 2023-09-07T16:18:26+01:00 alice-login01:/tmp/root/spack-stage/spack-stage-star-2.7.10b-m3zkpicxc646uuyr27srekzcr7f2dnv4/spack-src/source
Sep 09 19:32:52 ..... started STAR run
Sep 09 19:32:53 ..... loading genome
	STAR --runMode alignReads --runThreadN 28 --genomeDir /scratch/vasccell/cs806/exprPhenoData/GRCh38_STARindex --readFilesIn /scratch/vasccell/cs806/huvecRNASEQ/rawReads/UVE_RNA12676965_1.fastq.gz /scratch/vasccell/cs806/huvecRNASEQ/rawReads/UVE_RNA12676965_2.fastq.gz --readFilesCommand zcat --sjdbOverhang 149 --outFileNamePrefix /scratch/vasccell/cs806/huvecRNASEQ/mappedReads/UVE_RNA12676965 --twopassMode Basic --quantMode TranscriptomeSAM GeneCounts --outSAMunmapped Within --outSAMstrandField intronMotif --outFilterIntronMotifs RemoveNoncanonical --outSAMtype None --outFilterType BySJout --limitSjdbInsertNsj 2000000
	STAR version: 2.7.10b   compiled: 2023-09-07T16:18:26+01:00 alice-login01:/tmp/root/spack-stage/spack-stage-star-2.7.10b-m3zkpicxc646uuyr27srekzcr7f2dnv4/spack-src/source
Sep 09 19:32:53 ..... started STAR run
Sep 09 19:32:53 ..... loading genome
	STAR --runMode alignReads --runThreadN 28 --genomeDir /scratch/vasccell/cs806/exprPhenoData/GRCh38_STARindex --readFilesIn /scratch/vasccell/cs806/huvecRNASEQ/rawReads/UVE_RNA12677091_1.fastq.gz /scratch/vasccell/cs806/huvecRNASEQ/rawReads/UVE_RNA12677091_2.fastq.gz --readFilesCommand zcat --sjdbOverhang 149 --outFileNamePrefix /scratch/vasccell/cs806/huvecRNASEQ/mappedReads/UVE_RNA12677091 --twopassMode Basic --quantMode TranscriptomeSAM GeneCounts --outSAMunmapped Within --outSAMstrandField intronMotif --outFilterIntronMotifs RemoveNoncanonical --outSAMtype None --outFilterType BySJout --limitSjdbInsertNsj 2000000
	STAR version: 2.7.10b   compiled: 2023-09-07T16:18:26+01:00 alice-login01:/tmp/root/spack-stage/spack-stage-star-2.7.10b-m3zkpicxc646uuyr27srekzcr7f2dnv4/spack-src/source
Sep 09 19:32:53 ..... started STAR run
Sep 09 19:32:53 ..... loading genome
	STAR --runMode alignReads --runThreadN 28 --genomeDir /scratch/vasccell/cs806/exprPhenoData/GRCh38_STARindex --readFilesIn /scratch/vasccell/cs806/huvecRNASEQ/rawReads/UVE_RNA12677061_1.fastq.gz /scratch/vasccell/cs806/huvecRNASEQ/rawReads/UVE_RNA12677061_2.fastq.gz --readFilesCommand zcat --sjdbOverhang 149 --outFileNamePrefix /scratch/vasccell/cs806/huvecRNASEQ/mappedReads/UVE_RNA12677061 --twopassMode Basic --quantMode TranscriptomeSAM GeneCounts --outSAMunmapped Within --outSAMstrandField intronMotif --outFilterIntronMotifs RemoveNoncanonical --outSAMtype None --outFilterType BySJout --limitSjdbInsertNsj 2000000
	STAR version: 2.7.10b   compiled: 2023-09-07T16:18:26+01:00 alice-login01:/tmp/root/spack-stage/spack-stage-star-2.7.10b-m3zkpicxc646uuyr27srekzcr7f2dnv4/spack-src/source
Sep 09 19:32:53 ..... started STAR run
Sep 09 19:32:54 ..... loading genome
	STAR --runMode alignReads --runThreadN 28 --genomeDir /scratch/vasccell/cs806/exprPhenoData/GRCh38_STARindex --readFilesIn /scratch/vasccell/cs806/huvecRNASEQ/rawReads/UVE_RNA12677087_1.fastq.gz /scratch/vasccell/cs806/huvecRNASEQ/rawReads/UVE_RNA12677087_2.fastq.gz --readFilesCommand zcat --sjdbOverhang 149 --outFileNamePrefix /scratch/vasccell/cs806/huvecRNASEQ/mappedReads/UVE_RNA12677087 --twopassMode Basic --quantMode TranscriptomeSAM GeneCounts --outSAMunmapped Within --outSAMstrandField intronMotif --outFilterIntronMotifs RemoveNoncanonical --outSAMtype None --outFilterType BySJout --limitSjdbInsertNsj 2000000
	STAR version: 2.7.10b   compiled: 2023-09-07T16:18:26+01:00 alice-login01:/tmp/root/spack-stage/spack-stage-star-2.7.10b-m3zkpicxc646uuyr27srekzcr7f2dnv4/spack-src/source
Sep 09 19:32:54 ..... started STAR run
Sep 09 19:32:55 ..... loading genome
	STAR --runMode alignReads --runThreadN 28 --genomeDir /scratch/vasccell/cs806/exprPhenoData/GRCh38_STARindex --readFilesIn /scratch/vasccell/cs806/huvecRNASEQ/rawReads/UVE_RNA12677004_1.fastq.gz /scratch/vasccell/cs806/huvecRNASEQ/rawReads/UVE_RNA12677004_2.fastq.gz --readFilesCommand zcat --sjdbOverhang 149 --outFileNamePrefix /scratch/vasccell/cs806/huvecRNASEQ/mappedReads/UVE_RNA12677004 --twopassMode Basic --quantMode TranscriptomeSAM GeneCounts --outSAMunmapped Within --outSAMstrandField intronMotif --outFilterIntronMotifs RemoveNoncanonical --outSAMtype None --outFilterType BySJout --limitSjdbInsertNsj 2000000
	STAR version: 2.7.10b   compiled: 2023-09-07T16:18:26+01:00 alice-login01:/tmp/root/spack-stage/spack-stage-star-2.7.10b-m3zkpicxc646uuyr27srekzcr7f2dnv4/spack-src/source
Sep 09 19:32:55 ..... started STAR run
Sep 09 19:32:55 ..... loading genome
	STAR --runMode alignReads --runThreadN 28 --genomeDir /scratch/vasccell/cs806/exprPhenoData/GRCh38_STARindex --readFilesIn /scratch/vasccell/cs806/huvecRNASEQ/rawReads/UVE_RNA12677077_1.fastq.gz /scratch/vasccell/cs806/huvecRNASEQ/rawReads/UVE_RNA12677077_2.fastq.gz --readFilesCommand zcat --sjdbOverhang 149 --outFileNamePrefix /scratch/vasccell/cs806/huvecRNASEQ/mappedReads/UVE_RNA12677077 --twopassMode Basic --quantMode TranscriptomeSAM GeneCounts --outSAMunmapped Within --outSAMstrandField intronMotif --outFilterIntronMotifs RemoveNoncanonical --outSAMtype None --outFilterType BySJout --limitSjdbInsertNsj 2000000
	STAR version: 2.7.10b   compiled: 2023-09-07T16:18:26+01:00 alice-login01:/tmp/root/spack-stage/spack-stage-star-2.7.10b-m3zkpicxc646uuyr27srekzcr7f2dnv4/spack-src/source
Sep 09 19:32:55 ..... started STAR run
Sep 09 19:32:55 ..... loading genome
	STAR --runMode alignReads --runThreadN 28 --genomeDir /scratch/vasccell/cs806/exprPhenoData/GRCh38_STARindex --readFilesIn /scratch/vasccell/cs806/huvecRNASEQ/rawReads/UVE_RNA12676988_1.fastq.gz /scratch/vasccell/cs806/huvecRNASEQ/rawReads/UVE_RNA12676988_2.fastq.gz --readFilesCommand zcat --sjdbOverhang 149 --outFileNamePrefix /scratch/vasccell/cs806/huvecRNASEQ/mappedReads/UVE_RNA12676988 --twopassMode Basic --quantMode TranscriptomeSAM GeneCounts --outSAMunmapped Within --outSAMstrandField intronMotif --outFilterIntronMotifs RemoveNoncanonical --outSAMtype None --outFilterType BySJout --limitSjdbInsertNsj 2000000
	STAR version: 2.7.10b   compiled: 2023-09-07T16:18:26+01:00 alice-login01:/tmp/root/spack-stage/spack-stage-star-2.7.10b-m3zkpicxc646uuyr27srekzcr7f2dnv4/spack-src/source
Sep 09 19:32:55 ..... started STAR run
Sep 09 19:32:56 ..... loading genome
	STAR --runMode alignReads --runThreadN 28 --genomeDir /scratch/vasccell/cs806/exprPhenoData/GRCh38_STARindex --readFilesIn /scratch/vasccell/cs806/huvecRNASEQ/rawReads/UVE_RNA12676978_1.fastq.gz /scratch/vasccell/cs806/huvecRNASEQ/rawReads/UVE_RNA12676978_2.fastq.gz --readFilesCommand zcat --sjdbOverhang 149 --outFileNamePrefix /scratch/vasccell/cs806/huvecRNASEQ/mappedReads/UVE_RNA12676978 --twopassMode Basic --quantMode TranscriptomeSAM GeneCounts --outSAMunmapped Within --outSAMstrandField intronMotif --outFilterIntronMotifs RemoveNoncanonical --outSAMtype None --outFilterType BySJout --limitSjdbInsertNsj 2000000
	STAR version: 2.7.10b   compiled: 2023-09-07T16:18:26+01:00 alice-login01:/tmp/root/spack-stage/spack-stage-star-2.7.10b-m3zkpicxc646uuyr27srekzcr7f2dnv4/spack-src/source
Sep 09 19:32:56 ..... started STAR run
Sep 09 19:32:56 ..... loading genome
	STAR --runMode alignReads --runThreadN 28 --genomeDir /scratch/vasccell/cs806/exprPhenoData/GRCh38_STARindex --readFilesIn /scratch/vasccell/cs806/huvecRNASEQ/rawReads/UVE_RNA12677008_1.fastq.gz /scratch/vasccell/cs806/huvecRNASEQ/rawReads/UVE_RNA12677008_2.fastq.gz --readFilesCommand zcat --sjdbOverhang 149 --outFileNamePrefix /scratch/vasccell/cs806/huvecRNASEQ/mappedReads/UVE_RNA12677008 --twopassMode Basic --quantMode TranscriptomeSAM GeneCounts --outSAMunmapped Within --outSAMstrandField intronMotif --outFilterIntronMotifs RemoveNoncanonical --outSAMtype None --outFilterType BySJout --limitSjdbInsertNsj 2000000
	STAR version: 2.7.10b   compiled: 2023-09-07T16:18:26+01:00 alice-login01:/tmp/root/spack-stage/spack-stage-star-2.7.10b-m3zkpicxc646uuyr27srekzcr7f2dnv4/spack-src/source
Sep 09 19:32:56 ..... started STAR run
Sep 09 19:32:56 ..... loading genome
	STAR --runMode alignReads --runThreadN 28 --genomeDir /scratch/vasccell/cs806/exprPhenoData/GRCh38_STARindex --readFilesIn /scratch/vasccell/cs806/huvecRNASEQ/rawReads/UVE_RNA12676969_1.fastq.gz /scratch/vasccell/cs806/huvecRNASEQ/rawReads/UVE_RNA12676969_2.fastq.gz --readFilesCommand zcat --sjdbOverhang 149 --outFileNamePrefix /scratch/vasccell/cs806/huvecRNASEQ/mappedReads/UVE_RNA12676969 --twopassMode Basic --quantMode TranscriptomeSAM GeneCounts --outSAMunmapped Within --outSAMstrandField intronMotif --outFilterIntronMotifs RemoveNoncanonical --outSAMtype None --outFilterType BySJout --limitSjdbInsertNsj 2000000
	STAR version: 2.7.10b   compiled: 2023-09-07T16:18:26+01:00 alice-login01:/tmp/root/spack-stage/spack-stage-star-2.7.10b-m3zkpicxc646uuyr27srekzcr7f2dnv4/spack-src/source
Sep 09 19:32:56 ..... started STAR run
Sep 09 19:32:56 ..... loading genome
	STAR --runMode alignReads --runThreadN 28 --genomeDir /scratch/vasccell/cs806/exprPhenoData/GRCh38_STARindex --readFilesIn /scratch/vasccell/cs806/huvecRNASEQ/rawReads/UVE_RNA12677057_1.fastq.gz /scratch/vasccell/cs806/huvecRNASEQ/rawReads/UVE_RNA12677057_2.fastq.gz --readFilesCommand zcat --sjdbOverhang 149 --outFileNamePrefix /scratch/vasccell/cs806/huvecRNASEQ/mappedReads/UVE_RNA12677057 --twopassMode Basic --quantMode TranscriptomeSAM GeneCounts --outSAMunmapped Within --outSAMstrandField intronMotif --outFilterIntronMotifs RemoveNoncanonical --outSAMtype None --outFilterType BySJout --limitSjdbInsertNsj 2000000
	STAR version: 2.7.10b   compiled: 2023-09-07T16:18:26+01:00 alice-login01:/tmp/root/spack-stage/spack-stage-star-2.7.10b-m3zkpicxc646uuyr27srekzcr7f2dnv4/spack-src/source
Sep 09 19:32:56 ..... started STAR run
Sep 09 19:32:57 ..... loading genome
	STAR --runMode alignReads --runThreadN 28 --genomeDir /scratch/vasccell/cs806/exprPhenoData/GRCh38_STARindex --readFilesIn /scratch/vasccell/cs806/huvecRNASEQ/rawReads/UVE_RNA12676999_1.fastq.gz /scratch/vasccell/cs806/huvecRNASEQ/rawReads/UVE_RNA12676999_2.fastq.gz --readFilesCommand zcat --sjdbOverhang 149 --outFileNamePrefix /scratch/vasccell/cs806/huvecRNASEQ/mappedReads/UVE_RNA12676999 --twopassMode Basic --quantMode TranscriptomeSAM GeneCounts --outSAMunmapped Within --outSAMstrandField intronMotif --outFilterIntronMotifs RemoveNoncanonical --outSAMtype None --outFilterType BySJout --limitSjdbInsertNsj 2000000
	STAR version: 2.7.10b   compiled: 2023-09-07T16:18:26+01:00 alice-login01:/tmp/root/spack-stage/spack-stage-star-2.7.10b-m3zkpicxc646uuyr27srekzcr7f2dnv4/spack-src/source
Sep 09 19:32:57 ..... started STAR run
Sep 09 19:32:57 ..... loading genome
	STAR --runMode alignReads --runThreadN 28 --genomeDir /scratch/vasccell/cs806/exprPhenoData/GRCh38_STARindex --readFilesIn /scratch/vasccell/cs806/huvecRNASEQ/rawReads/UVE_RNA12677103_1.fastq.gz /scratch/vasccell/cs806/huvecRNASEQ/rawReads/UVE_RNA12677103_2.fastq.gz --readFilesCommand zcat --sjdbOverhang 149 --outFileNamePrefix /scratch/vasccell/cs806/huvecRNASEQ/mappedReads/UVE_RNA12677103 --twopassMode Basic --quantMode TranscriptomeSAM GeneCounts --outSAMunmapped Within --outSAMstrandField intronMotif --outFilterIntronMotifs RemoveNoncanonical --outSAMtype None --outFilterType BySJout --limitSjdbInsertNsj 2000000
	STAR version: 2.7.10b   compiled: 2023-09-07T16:18:26+01:00 alice-login01:/tmp/root/spack-stage/spack-stage-star-2.7.10b-m3zkpicxc646uuyr27srekzcr7f2dnv4/spack-src/source
Sep 09 19:32:57 ..... started STAR run
Sep 09 19:32:58 ..... loading genome
	STAR --runMode alignReads --runThreadN 28 --genomeDir /scratch/vasccell/cs806/exprPhenoData/GRCh38_STARindex --readFilesIn /scratch/vasccell/cs806/huvecRNASEQ/rawReads/UVE_RNA12676962_1.fastq.gz /scratch/vasccell/cs806/huvecRNASEQ/rawReads/UVE_RNA12676962_2.fastq.gz --readFilesCommand zcat --sjdbOverhang 149 --outFileNamePrefix /scratch/vasccell/cs806/huvecRNASEQ/mappedReads/UVE_RNA12676962 --twopassMode Basic --quantMode TranscriptomeSAM GeneCounts --outSAMunmapped Within --outSAMstrandField intronMotif --outFilterIntronMotifs RemoveNoncanonical --outSAMtype None --outFilterType BySJout --limitSjdbInsertNsj 2000000
	STAR version: 2.7.10b   compiled: 2023-09-07T16:18:26+01:00 alice-login01:/tmp/root/spack-stage/spack-stage-star-2.7.10b-m3zkpicxc646uuyr27srekzcr7f2dnv4/spack-src/source
Sep 09 19:32:58 ..... started STAR run
Sep 09 19:32:58 ..... loading genome
	STAR --runMode alignReads --runThreadN 28 --genomeDir /scratch/vasccell/cs806/exprPhenoData/GRCh38_STARindex --readFilesIn /scratch/vasccell/cs806/huvecRNASEQ/rawReads/UVE_RNA12676992_1.fastq.gz /scratch/vasccell/cs806/huvecRNASEQ/rawReads/UVE_RNA12676992_2.fastq.gz --readFilesCommand zcat --sjdbOverhang 149 --outFileNamePrefix /scratch/vasccell/cs806/huvecRNASEQ/mappedReads/UVE_RNA12676992 --twopassMode Basic --quantMode TranscriptomeSAM GeneCounts --outSAMunmapped Within --outSAMstrandField intronMotif --outFilterIntronMotifs RemoveNoncanonical --outSAMtype None --outFilterType BySJout --limitSjdbInsertNsj 2000000
	STAR version: 2.7.10b   compiled: 2023-09-07T16:18:26+01:00 alice-login01:/tmp/root/spack-stage/spack-stage-star-2.7.10b-m3zkpicxc646uuyr27srekzcr7f2dnv4/spack-src/source
Sep 09 19:32:58 ..... started STAR run
Sep 09 19:32:58 ..... loading genome
	STAR --runMode alignReads --runThreadN 28 --genomeDir /scratch/vasccell/cs806/exprPhenoData/GRCh38_STARindex --readFilesIn /scratch/vasccell/cs806/huvecRNASEQ/rawReads/UVE_RNA12676974_1.fastq.gz /scratch/vasccell/cs806/huvecRNASEQ/rawReads/UVE_RNA12676974_2.fastq.gz --readFilesCommand zcat --sjdbOverhang 149 --outFileNamePrefix /scratch/vasccell/cs806/huvecRNASEQ/mappedReads/UVE_RNA12676974 --twopassMode Basic --quantMode TranscriptomeSAM GeneCounts --outSAMunmapped Within --outSAMstrandField intronMotif --outFilterIntronMotifs RemoveNoncanonical --outSAMtype None --outFilterType BySJout --limitSjdbInsertNsj 2000000
	STAR version: 2.7.10b   compiled: 2023-09-07T16:18:26+01:00 alice-login01:/tmp/root/spack-stage/spack-stage-star-2.7.10b-m3zkpicxc646uuyr27srekzcr7f2dnv4/spack-src/source
Sep 09 19:32:58 ..... started STAR run
Sep 09 19:32:58 ..... loading genome
	STAR --runMode alignReads --runThreadN 28 --genomeDir /scratch/vasccell/cs806/exprPhenoData/GRCh38_STARindex --readFilesIn /scratch/vasccell/cs806/huvecRNASEQ/rawReads/UVE_RNA12676984_1.fastq.gz /scratch/vasccell/cs806/huvecRNASEQ/rawReads/UVE_RNA12676984_2.fastq.gz --readFilesCommand zcat --sjdbOverhang 149 --outFileNamePrefix /scratch/vasccell/cs806/huvecRNASEQ/mappedReads/UVE_RNA12676984 --twopassMode Basic --quantMode TranscriptomeSAM GeneCounts --outSAMunmapped Within --outSAMstrandField intronMotif --outFilterIntronMotifs RemoveNoncanonical --outSAMtype None --outFilterType BySJout --limitSjdbInsertNsj 2000000
	STAR version: 2.7.10b   compiled: 2023-09-07T16:18:26+01:00 alice-login01:/tmp/root/spack-stage/spack-stage-star-2.7.10b-m3zkpicxc646uuyr27srekzcr7f2dnv4/spack-src/source
Sep 09 19:32:58 ..... started STAR run
Sep 09 19:32:58 ..... loading genome
	STAR --runMode alignReads --runThreadN 28 --genomeDir /scratch/vasccell/cs806/exprPhenoData/GRCh38_STARindex --readFilesIn /scratch/vasccell/cs806/huvecRNASEQ/rawReads/UVE_RNA12677070_1.fastq.gz /scratch/vasccell/cs806/huvecRNASEQ/rawReads/UVE_RNA12677070_2.fastq.gz --readFilesCommand zcat --sjdbOverhang 149 --outFileNamePrefix /scratch/vasccell/cs806/huvecRNASEQ/mappedReads/UVE_RNA12677070 --twopassMode Basic --quantMode TranscriptomeSAM GeneCounts --outSAMunmapped Within --outSAMstrandField intronMotif --outFilterIntronMotifs RemoveNoncanonical --outSAMtype None --outFilterType BySJout --limitSjdbInsertNsj 2000000
	STAR version: 2.7.10b   compiled: 2023-09-07T16:18:26+01:00 alice-login01:/tmp/root/spack-stage/spack-stage-star-2.7.10b-m3zkpicxc646uuyr27srekzcr7f2dnv4/spack-src/source
Sep 09 19:32:59 ..... started STAR run
Sep 09 19:32:59 ..... loading genome
	STAR --runMode alignReads --runThreadN 28 --genomeDir /scratch/vasccell/cs806/exprPhenoData/GRCh38_STARindex --readFilesIn /scratch/vasccell/cs806/huvecRNASEQ/rawReads/UVE_RNA12677003_1.fastq.gz /scratch/vasccell/cs806/huvecRNASEQ/rawReads/UVE_RNA12677003_2.fastq.gz --readFilesCommand zcat --sjdbOverhang 149 --outFileNamePrefix /scratch/vasccell/cs806/huvecRNASEQ/mappedReads/UVE_RNA12677003 --twopassMode Basic --quantMode TranscriptomeSAM GeneCounts --outSAMunmapped Within --outSAMstrandField intronMotif --outFilterIntronMotifs RemoveNoncanonical --outSAMtype None --outFilterType BySJout --limitSjdbInsertNsj 2000000
	STAR version: 2.7.10b   compiled: 2023-09-07T16:18:26+01:00 alice-login01:/tmp/root/spack-stage/spack-stage-star-2.7.10b-m3zkpicxc646uuyr27srekzcr7f2dnv4/spack-src/source
Sep 09 19:32:59 ..... started STAR run
Sep 09 19:32:59 ..... loading genome
	STAR --runMode alignReads --runThreadN 28 --genomeDir /scratch/vasccell/cs806/exprPhenoData/GRCh38_STARindex --readFilesIn /scratch/vasccell/cs806/huvecRNASEQ/rawReads/UVE_RNA12677080_1.fastq.gz /scratch/vasccell/cs806/huvecRNASEQ/rawReads/UVE_RNA12677080_2.fastq.gz --readFilesCommand zcat --sjdbOverhang 149 --outFileNamePrefix /scratch/vasccell/cs806/huvecRNASEQ/mappedReads/UVE_RNA12677080 --twopassMode Basic --quantMode TranscriptomeSAM GeneCounts --outSAMunmapped Within --outSAMstrandField intronMotif --outFilterIntronMotifs RemoveNoncanonical --outSAMtype None --outFilterType BySJout --limitSjdbInsertNsj 2000000
	STAR version: 2.7.10b   compiled: 2023-09-07T16:18:26+01:00 alice-login01:/tmp/root/spack-stage/spack-stage-star-2.7.10b-m3zkpicxc646uuyr27srekzcr7f2dnv4/spack-src/source
Sep 09 19:32:59 ..... started STAR run
Sep 09 19:32:59 ..... loading genome
	STAR --runMode alignReads --runThreadN 28 --genomeDir /scratch/vasccell/cs806/exprPhenoData/GRCh38_STARindex --readFilesIn /scratch/vasccell/cs806/huvecRNASEQ/rawReads/UVE_RNA12677066_1.fastq.gz /scratch/vasccell/cs806/huvecRNASEQ/rawReads/UVE_RNA12677066_2.fastq.gz --readFilesCommand zcat --sjdbOverhang 149 --outFileNamePrefix /scratch/vasccell/cs806/huvecRNASEQ/mappedReads/UVE_RNA12677066 --twopassMode Basic --quantMode TranscriptomeSAM GeneCounts --outSAMunmapped Within --outSAMstrandField intronMotif --outFilterIntronMotifs RemoveNoncanonical --outSAMtype None --outFilterType BySJout --limitSjdbInsertNsj 2000000
	STAR version: 2.7.10b   compiled: 2023-09-07T16:18:26+01:00 alice-login01:/tmp/root/spack-stage/spack-stage-star-2.7.10b-m3zkpicxc646uuyr27srekzcr7f2dnv4/spack-src/source
Sep 09 19:32:59 ..... started STAR run
Sep 09 19:32:59 ..... loading genome
	STAR --runMode alignReads --runThreadN 28 --genomeDir /scratch/vasccell/cs806/exprPhenoData/GRCh38_STARindex --readFilesIn /scratch/vasccell/cs806/huvecRNASEQ/rawReads/UVE_RNA12677096_1.fastq.gz /scratch/vasccell/cs806/huvecRNASEQ/rawReads/UVE_RNA12677096_2.fastq.gz --readFilesCommand zcat --sjdbOverhang 149 --outFileNamePrefix /scratch/vasccell/cs806/huvecRNASEQ/mappedReads/UVE_RNA12677096 --twopassMode Basic --quantMode TranscriptomeSAM GeneCounts --outSAMunmapped Within --outSAMstrandField intronMotif --outFilterIntronMotifs RemoveNoncanonical --outSAMtype None --outFilterType BySJout --limitSjdbInsertNsj 2000000
	STAR version: 2.7.10b   compiled: 2023-09-07T16:18:26+01:00 alice-login01:/tmp/root/spack-stage/spack-stage-star-2.7.10b-m3zkpicxc646uuyr27srekzcr7f2dnv4/spack-src/source
Sep 09 19:32:59 ..... started STAR run
Sep 09 19:33:00 ..... loading genome
Tue Sep  9 07:33:00 PM BST 2025
